[    0.000000] Initializing cgroup subsys cpuset
[    0.000000] Initializing cgroup subsys cpu
[    0.000000] Initializing cgroup subsys cpuacct
[    0.000000] Linux version 4.4.0-184-generic (buildd@lgw01-amd64-060) (gcc version 5.4.0 20160609 (Ubuntu 5.4.0-6ubuntu1~16.04.12) ) #214-Ubuntu SMP Thu Jun 4 10:14:11 UTC 2020 (Ubuntu 4.4.0-184.214-generic 4.4.223)
[    0.000000] Command line: BOOT_IMAGE=/boot/vmlinuz-4.4.0-184-generic root=LABEL=cloudimg-rootfs ro console=tty1 console=ttyS0
[    0.000000] KERNEL supported cpus:
[    0.000000]   Intel GenuineIntel
[    0.000000]   AMD AuthenticAMD
[    0.000000]   Centaur CentaurHauls
[    0.000000] x86/fpu: xstate_offset[2]:  576, xstate_sizes[2]:  256
[    0.000000] x86/fpu: Supporting XSAVE feature 0x01: 'x87 floating point registers'
[    0.000000] x86/fpu: Supporting XSAVE feature 0x02: 'SSE registers'
[    0.000000] x86/fpu: Supporting XSAVE feature 0x04: 'AVX registers'
[    0.000000] x86/fpu: Enabled xstate features 0x7, context size is 832 bytes, using 'standard' format.
[    0.000000] e820: BIOS-provided physical RAM map:
[    0.000000] BIOS-e820: [mem 0x0000000000000000-0x000000000009fbff] usable
[    0.000000] BIOS-e820: [mem 0x000000000009fc00-0x000000000009ffff] reserved
[    0.000000] BIOS-e820: [mem 0x00000000000f0000-0x00000000000fffff] reserved
[    0.000000] BIOS-e820: [mem 0x0000000000100000-0x000000003ffeffff] usable
[    0.000000] BIOS-e820: [mem 0x000000003fff0000-0x000000003fffffff] ACPI data
[    0.000000] BIOS-e820: [mem 0x00000000fec00000-0x00000000fec00fff] reserved
[    0.000000] BIOS-e820: [mem 0x00000000fee00000-0x00000000fee00fff] reserved
[    0.000000] BIOS-e820: [mem 0x00000000fffc0000-0x00000000ffffffff] reserved
[    0.000000] NX (Execute Disable) protection: active
[    0.000000] SMBIOS 2.5 present.
[    0.000000] Hypervisor detected: KVM
[    0.000000] e820: last_pfn = 0x3fff0 max_arch_pfn = 0x400000000
[    0.000000] MTRR: Disabled
[    0.000000] x86/PAT: MTRRs disabled, skipping PAT initialization too.
[    0.000000] CPU MTRRs all blank - virtualized system.
[    0.000000] x86/PAT: Configuration [0-7]: WB  WT  UC- UC  WB  WT  UC- UC  
[    0.000000] found SMP MP-table at [mem 0x0009fff0-0x0009ffff] mapped at [ffff88000009fff0]
[    0.000000] Scanning 1 areas for low memory corruption
[    0.000000] RAMDISK: [mem 0x362de000-0x37166fff]
[    0.000000] ACPI: Early table checksum verification disabled
[    0.000000] ACPI: RSDP 0x00000000000E0000 000024 (v02 VBOX  )
[    0.000000] ACPI: XSDT 0x000000003FFF0030 00003C (v01 VBOX   VBOXXSDT 00000001 ASL  00000061)
[    0.000000] ACPI: FACP 0x000000003FFF00F0 0000F4 (v04 VBOX   VBOXFACP 00000001 ASL  00000061)
[    0.000000] ACPI: DSDT 0x000000003FFF0470 002325 (v02 VBOX   VBOXBIOS 00000002 INTL 20100528)
[    0.000000] ACPI: FACS 0x000000003FFF0200 000040
[    0.000000] ACPI: FACS 0x000000003FFF0200 000040
[    0.000000] ACPI: APIC 0x000000003FFF0240 00005C (v02 VBOX   VBOXAPIC 00000001 ASL  00000061)
[    0.000000] ACPI: SSDT 0x000000003FFF02A0 0001CC (v01 VBOX   VBOXCPUT 00000002 INTL 20100528)
[    0.000000] No NUMA configuration found
[    0.000000] Faking a node at [mem 0x0000000000000000-0x000000003ffeffff]
[    0.000000] NODE_DATA(0) allocated [mem 0x3ffeb000-0x3ffeffff]
[    0.000000] kvm-clock: Using msrs 4b564d01 and 4b564d00
[    0.000000] kvm-clock: cpu 0, msr 0:3ffe3001, primary cpu clock
[    0.000000] kvm-clock: using sched offset of 4973270570 cycles
[    0.000000] clocksource: kvm-clock: mask: 0xffffffffffffffff max_cycles: 0x1cd42e4dffb, max_idle_ns: 881590591483 ns
[    0.000000] Zone ranges:
[    0.000000]   DMA      [mem 0x0000000000001000-0x0000000000ffffff]
[    0.000000]   DMA32    [mem 0x0000000001000000-0x000000003ffeffff]
[    0.000000]   Normal   empty
[    0.000000]   Device   empty
[    0.000000] Movable zone start for each node
[    0.000000] Early memory node ranges
[    0.000000]   node   0: [mem 0x0000000000001000-0x000000000009efff]
[    0.000000]   node   0: [mem 0x0000000000100000-0x000000003ffeffff]
[    0.000000] Initmem setup node 0 [mem 0x0000000000001000-0x000000003ffeffff]
[    0.000000] ACPI: PM-Timer IO Port: 0x4008
[    0.000000] IOAPIC[0]: apic_id 2, version 32, address 0xfec00000, GSI 0-23
[    0.000000] ACPI: INT_SRC_OVR (bus 0 bus_irq 0 global_irq 2 dfl dfl)
[    0.000000] ACPI: INT_SRC_OVR (bus 0 bus_irq 9 global_irq 9 low level)
[    0.000000] Using ACPI (MADT) for SMP configuration information
[    0.000000] smpboot: Allowing 2 CPUs, 0 hotplug CPUs
[    0.000000] PM: Registered nosave memory: [mem 0x00000000-0x00000fff]
[    0.000000] PM: Registered nosave memory: [mem 0x0009f000-0x0009ffff]
[    0.000000] PM: Registered nosave memory: [mem 0x000a0000-0x000effff]
[    0.000000] PM: Registered nosave memory: [mem 0x000f0000-0x000fffff]
[    0.000000] e820: [mem 0x40000000-0xfebfffff] available for PCI devices
[    0.000000] Booting paravirtualized kernel on KVM
[    0.000000] clocksource: refined-jiffies: mask: 0xffffffff max_cycles: 0xffffffff, max_idle_ns: 7645519600211568 ns
[    0.000000] setup_percpu: NR_CPUS:512 nr_cpumask_bits:512 nr_cpu_ids:2 nr_node_ids:1
[    0.000000] PERCPU: Embedded 33 pages/cpu @ffff88003fc00000 s95448 r8192 d31528 u1048576
[    0.000000] Built 1 zonelists in Node order, mobility grouping on.  Total pages: 257912
[    0.000000] Policy zone: DMA32
[    0.000000] Kernel command line: BOOT_IMAGE=/boot/vmlinuz-4.4.0-184-generic root=LABEL=cloudimg-rootfs ro console=tty1 console=ttyS0
[    0.000000] PID hash table entries: 4096 (order: 3, 32768 bytes)
[    0.000000] Memory: 997664K/1048120K available (8632K kernel code, 1336K rwdata, 4036K rodata, 1492K init, 1292K bss, 50456K reserved, 0K cma-reserved)
[    0.000000] SLUB: HWalign=64, Order=0-3, MinObjects=0, CPUs=2, Nodes=1
[    0.000000] Kernel/User page tables isolation: enabled
[    0.000000] Hierarchical RCU implementation.
[    0.000000] 	Build-time adjustment of leaf fanout to 64.
[    0.000000] 	RCU restricting CPUs from NR_CPUS=512 to nr_cpu_ids=2.
[    0.000000] RCU: Adjusting geometry for rcu_fanout_leaf=64, nr_cpu_ids=2
[    0.000000] NR_IRQS:33024 nr_irqs:440 16
[    0.000000] Console: colour VGA+ 80x25
[    0.000000] console [tty1] enabled
[    0.000000] console [ttyS0] enabled
[    0.000000] tsc: Detected 2808.000 MHz processor
[    0.170991] Calibrating delay loop (skipped) preset value.. 5616.00 BogoMIPS (lpj=11232000)
[    0.172841] pid_max: default: 32768 minimum: 301
[    0.173840] ACPI: Core revision 20150930
[    0.175533] ACPI: 2 ACPI AML tables successfully acquired and loaded
[    0.176944] Security Framework initialized
[    0.177849] Yama: becoming mindful.
[    0.178691] AppArmor: AppArmor initialized
[    0.179659] Dentry cache hash table entries: 131072 (order: 8, 1048576 bytes)
[    0.182803] Inode-cache hash table entries: 65536 (order: 7, 524288 bytes)
[    0.184441] Mount-cache hash table entries: 2048 (order: 2, 16384 bytes)
[    0.185925] Mountpoint-cache hash table entries: 2048 (order: 2, 16384 bytes)
[    0.187857] Initializing cgroup subsys io
[    0.188734] Initializing cgroup subsys memory
[    0.190533] Initializing cgroup subsys devices
[    0.191941] Initializing cgroup subsys freezer
[    0.193028] Initializing cgroup subsys net_cls
[    0.194046] Initializing cgroup subsys perf_event
[    0.195059] Initializing cgroup subsys net_prio
[    0.196051] Initializing cgroup subsys hugetlb
[    0.197019] Initializing cgroup subsys pids
[    0.210886] mce: CPU supports 0 MCE banks
[    0.212289] Last level iTLB entries: 4KB 64, 2MB 8, 4MB 8
[    0.213881] Last level dTLB entries: 4KB 64, 2MB 0, 4MB 0, 1GB 4
[    0.215324] Spectre V1 : Mitigation: usercopy/swapgs barriers and __user pointer sanitization
[    0.217789] Spectre V2 : Mitigation: Full generic retpoline
[    0.218996] Spectre V2 : Spectre v2 / SpectreRSB mitigation: Filling RSB on context switch
[    0.220879] Speculative Store Bypass: Vulnerable
[    0.221976] SRBDS: Unknown: Dependent on hypervisor status
[    0.223406] MDS: Mitigation: Clear CPU buffers
[    0.227285] Freeing SMP alternatives memory: 36K
[    0.234215] ftrace: allocating 32319 entries in 127 pages
[    0.291695] smpboot: APIC(0) Converting physical 0 to logical package 0
[    0.293600] smpboot: Max logical packages: 1
[    0.294970] x2apic enabled
[    0.295928] Switched APIC routing to physical x2apic.
[    0.298279] ..TIMER: vector=0x30 apic1=0 pin1=2 apic2=-1 pin2=-1
[    0.407724] smpboot: CPU0: Intel(R) Core(TM) i7-7700HQ CPU @ 2.80GHz (family: 0x6, model: 0x9e, stepping: 0x9)
[    0.411144] Performance Events: unsupported p6 CPU model 158 no PMU driver, software events only.
[    0.423047] KVM setup paravirtual spinlock
[    0.425118] x86: Booting SMP configuration:
[    0.426446] .... node  #0, CPUs:      #1
[    0.427844] kvm-clock: cpu 1, msr 0:3ffe3041, secondary cpu clock
[    0.442334] mce: CPU supports 0 MCE banks
[    0.445655] x86: Booted up 1 node, 2 CPUs
[    0.446961] smpboot: Total of 2 processors activated (11232.00 BogoMIPS)
[    0.448783] devtmpfs: initialized
[    0.451500] evm: security.selinux
[    0.452685] evm: security.SMACK64
[    0.453462] evm: security.SMACK64EXEC
[    0.454320] evm: security.SMACK64TRANSMUTE
[    0.455229] evm: security.SMACK64MMAP
[    0.456088] evm: security.ima
[    0.456806] evm: security.capability
[    0.457801] clocksource: jiffies: mask: 0xffffffff max_cycles: 0xffffffff, max_idle_ns: 7645041785100000 ns
[    0.459872] futex hash table entries: 512 (order: 3, 32768 bytes)
[    0.461242] pinctrl core: initialized pinctrl subsystem
[    0.462468] RTC time: 23:53:18, date: 10/10/20
[    0.463739] NET: Registered protocol family 16
[    0.475797] cpuidle: using governor ladder
[    0.488497] cpuidle: using governor menu
[    0.489927] PCCT header not found.
[    0.491158] ACPI: bus type PCI registered
[    0.492493] acpiphp: ACPI Hot Plug PCI Controller Driver version: 0.5
[    0.494378] PCI: Using configuration type 1 for base access
[    0.509266] ACPI: Added _OSI(Module Device)
[    0.510613] ACPI: Added _OSI(Processor Device)
[    0.511676] ACPI: Added _OSI(3.0 _SCP Extensions)
[    0.513090] ACPI: Added _OSI(Processor Aggregator Device)
[    0.515761] ACPI: Executed 1 blocks of module-level executable AML code
[    0.519185] ACPI: Interpreter enabled
[    0.520066] ACPI: (supports S0 S5)
[    0.520867] ACPI: Using IOAPIC for interrupt routing
[    0.522072] PCI: Using host bridge windows from ACPI; if necessary, use "pci=nocrs" and report a bug
[    0.528505] ACPI: PCI Root Bridge [PCI0] (domain 0000 [bus 00-ff])
[    0.530807] acpi PNP0A03:00: _OSC: OS supports [ASPM ClockPM Segments MSI]
[    0.532971] acpi PNP0A03:00: _OSC: not requesting OS control; OS requires [ExtendedConfig ASPM ClockPM MSI]
[    0.535637] acpi PNP0A03:00: fail to add MMCONFIG information, can't access extended PCI configuration space under this bridge.
[    0.539290] PCI host bridge to bus 0000:00
[    0.540235] pci_bus 0000:00: root bus resource [io  0x0000-0x0cf7 window]
[    0.541766] pci_bus 0000:00: root bus resource [io  0x0d00-0xffff window]
[    0.543363] pci_bus 0000:00: root bus resource [mem 0x000a0000-0x000bffff window]
[    0.545030] pci_bus 0000:00: root bus resource [mem 0x40000000-0xfdffffff window]
[    0.546738] pci_bus 0000:00: root bus resource [bus 00-ff]
[    0.550231] pci 0000:00:01.1: legacy IDE quirk: reg 0x10: [io  0x01f0-0x01f7]
[    0.552455] pci 0000:00:01.1: legacy IDE quirk: reg 0x14: [io  0x03f6]
[    0.553978] pci 0000:00:01.1: legacy IDE quirk: reg 0x18: [io  0x0170-0x0177]
[    0.564219] pci 0000:00:01.1: legacy IDE quirk: reg 0x1c: [io  0x0376]
[    0.579003] pci 0000:00:07.0: quirk: [io  0x4000-0x403f] claimed by PIIX4 ACPI
[    0.581376] pci 0000:00:07.0: quirk: [io  0x4100-0x410f] claimed by PIIX4 SMB
[    0.587697] ACPI: PCI Interrupt Link [LNKA] (IRQs 5 9 10 *11)
[    0.589876] ACPI: PCI Interrupt Link [LNKB] (IRQs 5 9 *10 11)
[    0.592431] ACPI: PCI Interrupt Link [LNKC] (IRQs 5 *9 10 11)
[    0.594299] ACPI: PCI Interrupt Link [LNKD] (IRQs 5 9 10 *11)
[    0.595985] ACPI: Enabled 2 GPEs in block 00 to 07
[    0.597507] vgaarb: setting as boot device: PCI:0000:00:02.0
[    0.598725] vgaarb: device added: PCI:0000:00:02.0,decodes=io+mem,owns=io+mem,locks=none
[    0.600557] vgaarb: loaded
[    0.601232] vgaarb: bridge control possible 0000:00:02.0
[    0.602726] SCSI subsystem initialized
[    0.603988] ACPI: bus type USB registered
[    0.605551] usbcore: registered new interface driver usbfs
[    0.607635] usbcore: registered new interface driver hub
[    0.608800] usbcore: registered new device driver usb
[    0.611248] PCI: Using ACPI for IRQ routing
[    0.613816] NetLabel: Initializing
[    0.614621] NetLabel:  domain hash size = 128
[    0.615682] NetLabel:  protocols = UNLABELED CIPSOv4
[    0.616769] NetLabel:  unlabeled traffic allowed by default
[    0.618920] amd_nb: Cannot enumerate AMD northbridges
[    0.620106] clocksource: Switched to clocksource kvm-clock
[    0.628191] AppArmor: AppArmor Filesystem Enabled
[    0.629975] pnp: PnP ACPI init
[    0.632101] pnp: PnP ACPI: found 3 devices
[    0.642995] clocksource: acpi_pm: mask: 0xffffff max_cycles: 0xffffff, max_idle_ns: 2085701024 ns
[    0.645832] NET: Registered protocol family 2
[    0.647119] TCP established hash table entries: 8192 (order: 4, 65536 bytes)
[    0.648583] TCP bind hash table entries: 8192 (order: 5, 131072 bytes)
[    0.649914] TCP: Hash tables configured (established 8192 bind 8192)
[    0.651279] UDP hash table entries: 512 (order: 2, 16384 bytes)
[    0.652528] UDP-Lite hash table entries: 512 (order: 2, 16384 bytes)
[    0.653862] NET: Registered protocol family 1
[    0.654827] pci 0000:00:00.0: Limiting direct PCI/PCI transfers
[    0.656077] pci 0000:00:01.0: Activating ISA DMA hang workarounds
[    0.657684] Unpacking initramfs...
[    0.889394] Freeing initrd memory: 14884K
[    0.890826] clocksource: tsc: mask: 0xffffffffffffffff max_cycles: 0x2879c5f06f2, max_idle_ns: 440795220049 ns
[    0.893468] platform rtc_cmos: registered platform RTC device (no PNP device found)
[    0.895388] Scanning for low memory corruption every 60 seconds
[    0.897414] audit: initializing netlink subsys (disabled)
[    0.898653] audit: type=2000 audit(1602374005.560:1): initialized
[    0.900149] Initialise system trusted keyring
[    0.902655] HugeTLB registered 2 MB page size, pre-allocated 0 pages
[    0.905811] zbud: loaded
[    0.907312] VFS: Disk quotas dquot_6.6.0
[    0.908286] VFS: Dquot-cache hash table entries: 512 (order 0, 4096 bytes)
[    0.909959] squashfs: version 4.0 (2009/01/31) Phillip Lougher
[    0.911413] fuse init (API version 7.23)
[    0.912410] Key type big_key registered
[    0.913365] Allocating IMA MOK and blacklist keyrings.
[    0.915510] Key type asymmetric registered
[    0.916814] Asymmetric key parser 'x509' registered
[    0.918405] Block layer SCSI generic (bsg) driver version 0.4 loaded (major 249)
[    0.920289] io scheduler noop registered
[    0.921202] io scheduler deadline registered (default)
[    0.922371] io scheduler cfq registered
[    0.923354] pci_hotplug: PCI Hot Plug PCI Core version: 0.5
[    0.924791] pciehp: PCI Express Hot Plug Controller Driver version: 0.4
[    0.926615] ACPI: AC Adapter [AC] (on-line)
[    0.927654] input: Power Button as /devices/LNXSYSTM:00/LNXPWRBN:00/input/input0
[    0.929426] ACPI: Power Button [PWRF]
[    0.930368] input: Sleep Button as /devices/LNXSYSTM:00/LNXSLPBN:00/input/input1
[    0.932076] ACPI: Sleep Button [SLPF]
[    0.934130] ACPI: Battery Slot [BAT0] (battery present)
[    0.935336] GHES: HEST is not enabled!
[    0.936973] Serial: 8250/16550 driver, 32 ports, IRQ sharing enabled
[    0.958970] 00:02: ttyS0 at I/O 0x3f8 (irq = 4, base_baud = 115200) is a 16550A
[    0.963000] Linux agpgart interface v0.103
[    0.965909] loop: module loaded
[    0.967579] scsi host0: ata_piix
[    0.968592] scsi host1: ata_piix
[    0.969396] ata1: PATA max UDMA/33 cmd 0x1f0 ctl 0x3f6 bmdma 0xd000 irq 14
[    0.970790] ata2: PATA max UDMA/33 cmd 0x170 ctl 0x376 bmdma 0xd008 irq 15
[    0.972308] libphy: Fixed MDIO Bus: probed
[    0.973323] tun: Universal TUN/TAP device driver, 1.6
[    0.974680] tun: (C) 1999-2004 Max Krasnyansky <maxk@qualcomm.com>
[    0.976029] PPP generic driver version 2.4.2
[    0.977064] ehci_hcd: USB 2.0 'Enhanced' Host Controller (EHCI) Driver
[    0.978400] ehci-pci: EHCI PCI platform driver
[    0.979574] ehci-platform: EHCI generic platform driver
[    0.981001] ohci_hcd: USB 1.1 'Open' Host Controller (OHCI) Driver
[    0.982420] ohci-pci: OHCI PCI platform driver
[    0.983723] ohci-platform: OHCI generic platform driver
[    0.985043] uhci_hcd: USB Universal Host Controller Interface driver
[    0.987544] i8042: PNP: PS/2 Controller [PNP0303:PS2K,PNP0f03:PS2M] at 0x60,0x64 irq 1,12
[    0.991022] serio: i8042 KBD port at 0x60,0x64 irq 1
[    0.992744] serio: i8042 AUX port at 0x60,0x64 irq 12
[    0.994462] mousedev: PS/2 mouse device common for all mice
[    0.996433] rtc_cmos rtc_cmos: rtc core: registered rtc_cmos as rtc0
[    0.998991] input: AT Translated Set 2 keyboard as /devices/platform/i8042/serio0/input/input2
[    1.001756] rtc_cmos rtc_cmos: alarms up to one day, 114 bytes nvram
[    1.003239] i2c /dev entries driver
[    1.004381] device-mapper: uevent: version 1.0.3
[    1.005815] device-mapper: ioctl: 4.34.0-ioctl (2015-10-28) initialised: dm-devel@redhat.com
[    1.007896] ledtrig-cpu: registered to indicate activity on CPUs
[    1.009937] NET: Registered protocol family 10
[    1.011568] NET: Registered protocol family 17
[    1.012642] Key type dns_resolver registered
[    1.014067] registered taskstats version 1
[    1.015092] Loading compiled-in X.509 certificates
[    1.017248] Loaded X.509 cert 'Build time autogenerated kernel key: b6ae09eed57f82583ccd3c65c463e852cdd7a0b5'
[    1.020035] zswap: loaded using pool lzo/zbud
[    1.026110] Key type trusted registered
[    1.031265] Key type encrypted registered
[    1.032693] AppArmor: AppArmor sha1 policy hashing enabled
[    1.034150] ima: No TPM chip found, activating TPM-bypass!
[    1.035687] ima: Allocated hash algorithm: sha1
[    1.037293] evm: HMAC attrs: 0x1
[    1.038718]   Magic number: 8:556:908
[    1.039639] mem port: hash matches
[    1.041717] rtc_cmos rtc_cmos: setting system clock to 2020-10-10 23:53:19 UTC (1602373999)
[    1.044714] BIOS EDD facility v0.16 2004-Jun-25, 0 devices found
[    1.046106] EDD information not available.
[    2.046933] Freeing unused kernel memory: 1492K
[    2.056348] Write protecting the kernel read-only data: 14336k
[    2.059153] Freeing unused kernel memory: 1596K
[    2.061835] Freeing unused kernel memory: 60K
Loading, please wait...
starting version 229
[    2.078341] random: systemd-udevd: uninitialized urandom read (16 bytes read, 5 bits of entropy available)
[    2.078772] random: udevadm: uninitialized urandom read (16 bytes read, 5 bits of entropy available)
[    2.078806] random: udevadm: uninitialized urandom read (16 bytes read, 5 bits of entropy available)
[    2.086248] random: systemd-udevd: uninitialized urandom read (16 bytes read, 5 bits of entropy available)
[    2.087845] random: udevadm: uninitialized urandom read (16 bytes read, 5 bits of entropy available)
[    2.087894] random: udevadm: uninitialized urandom read (16 bytes read, 5 bits of entropy available)
[    2.088028] random: udevadm: uninitialized urandom read (16 bytes read, 5 bits of entropy available)
[    2.088080] random: udevadm: uninitialized urandom read (16 bytes read, 5 bits of entropy available)
[    2.088188] random: udevadm: uninitialized urandom read (16 bytes read, 5 bits of entropy available)
[    2.088246] random: udevadm: uninitialized urandom read (16 bytes read, 5 bits of entropy available)
[    2.182837] e1000: Intel(R) PRO/1000 Network Driver - version 7.3.21-k8-NAPI
[    2.184990] e1000: Copyright (c) 1999-2006 Intel Corporation.
[    2.186983] Fusion MPT base driver 3.04.20
[    2.188656] Copyright (c) 1999-2008 LSI Corporation
[    2.259614] Fusion MPT SPI Host driver 3.04.20
[    2.265601] AVX2 version of gcm_enc/dec engaged.
[    2.267832] AES CTR mode by8 optimization enabled
[    2.441626] input: ImExPS/2 Generic Explorer Mouse as /devices/platform/i8042/serio1/input/input4
[    2.639763] e1000 0000:00:03.0 eth0: (PCI:33MHz:32-bit) 02:da:92:60:70:7f
[    2.641988] e1000 0000:00:03.0 eth0: Intel(R) PRO/1000 Network Connection
[    2.644287] mptbase: ioc0: Initiating bringup
[    2.645093] e1000 0000:00:03.0 enp0s3: renamed from eth0
[    2.716996] ioc0: LSI53C1030 A0: Capabilities={Initiator}
[    2.878277] scsi host2: ioc0: LSI53C1030 A0, FwRev=00000000h, Ports=1, MaxQ=256, IRQ=20
[    2.997024] scsi 2:0:0:0: Direct-Access     VBOX     HARDDISK         1.0  PQ: 0 ANSI: 5
[    2.999129] scsi target2:0:0: Beginning Domain Validation
[    3.003719] scsi target2:0:0: Domain Validation skipping write tests
[    3.006005] scsi target2:0:0: Ending Domain Validation
[    3.007563] scsi target2:0:0: asynchronous
[    3.009446] scsi 2:0:1:0: Direct-Access     VBOX     HARDDISK         1.0  PQ: 0 ANSI: 5
[    3.011610] scsi target2:0:1: Beginning Domain Validation
[    3.013507] scsi target2:0:1: Domain Validation skipping write tests
[    3.023003] scsi target2:0:1: Ending Domain Validation
[    3.024892] scsi target2:0:1: asynchronous
[    3.031574] sd 2:0:0:0: [sda] 20971520 512-byte logical blocks: (10.7 GB/10.0 GiB)
[    3.031935] sd 2:0:0:0: Attached scsi generic sg0 type 0
[    3.032167] sd 2:0:1:0: Attached scsi generic sg1 type 0
[    3.032946] sd 2:0:1:0: [sdb] 20480 512-byte logical blocks: (10.5 MB/10.0 MiB)
[    3.033150] sd 2:0:1:0: [sdb] Write Protect is off
[    3.033288] sd 2:0:1:0: [sdb] Incomplete mode parameter data
[    3.033289] sd 2:0:1:0: [sdb] Assuming drive cache: write through
[    3.035417] sd 2:0:1:0: [sdb] Attached SCSI disk
[    3.044178] sd 2:0:0:0: [sda] Write Protect is off
[    3.045782] sd 2:0:0:0: [sda] Incomplete mode parameter data
[    3.047184] sd 2:0:0:0: [sda] Assuming drive cache: write through
[    3.049980]  sda: sda1
[    3.051438] sd 2:0:0:0: [sda] Attached SCSI disk
Begin: Loading essential drivers ... [    4.730098] md: linear personality registered for level -1
[    4.734913] md: multipath personality registered for level -4
[    4.739499] md: raid0 personality registered for level 0
[    4.746864] md: raid1 personality registered for level 1
[    4.820503] raid6: sse2x1   gen()  9887 MB/s
[    4.888178] raid6: sse2x1   xor()  6916 MB/s
[    4.956632] raid6: sse2x2   gen() 12524 MB/s
[    5.024404] raid6: sse2x2   xor()  8616 MB/s
[    5.092376] raid6: sse2x4   gen() 14615 MB/s
[    5.160201] raid6: sse2x4   xor()  7163 MB/s
[    5.228203] raid6: avx2x1   gen() 15904 MB/s
[    5.296652] raid6: avx2x2   gen() 25609 MB/s
[    5.364171] raid6: avx2x4   gen() 27140 MB/s
[    5.366010] raid6: using algorithm avx2x4 gen() 27140 MB/s
[    5.368302] raid6: using avx2x2 recovery algorithm
[    5.371040] xor: automatically using best checksumming function:
[    5.416247]    avx       : 21997.000 MB/sec
[    5.419116] async_tx: api initialized (async)
[    5.430330] md: raid6 personality registered for level 6
[    5.432048] md: raid5 personality registered for level 5
[    5.433577] md: raid4 personality registered for level 4
[    5.441188] md: raid10 personality registered for level 10
done.
Begin: Running /scripts/init-premount ... done.
Begin: Mounting root file system ... Begin: Running /scripts/local-top ... done.
Begin: Running /scripts/local-premount ... [    5.473993] Btrfs loaded
Scanning for Btrfs filesystems
done.
Warning: fsck not present, so skipping root file system
[    5.503355] EXT4-fs (sda1): INFO: recovery required on readonly filesystem
[    5.505050] EXT4-fs (sda1): write access will be enabled during recovery
[    5.523087] EXT4-fs (sda1): orphan cleanup on readonly fs
[    5.525864] EXT4-fs (sda1): 5 orphan inodes deleted
[    5.527129] EXT4-fs (sda1): recovery complete
[    5.528700] EXT4-fs (sda1): mounted filesystem with ordered data mode. Opts: (null)
done.
Begin: Running /scripts/local-bottom ... done.
Begin: Running /scripts/init-bottom ... done.
[    5.638022] systemd[1]: systemd 229 running in system mode. (+PAM +AUDIT +SELINUX +IMA +APPARMOR +SMACK +SYSVINIT +UTMP +LIBCRYPTSETUP +GCRYPT +GNUTLS +ACL +XZ -LZ4 +SECCOMP +BLKID +ELFUTILS +KMOD -IDN)
[    5.642788] systemd[1]: Detected virtualization oracle.
[    5.644012] systemd[1]: Detected architecture x86-64.

Welcome to [1mUbuntu 16.04.6 LTS[0m!

[    5.648406] systemd[1]: Set hostname to <ubuntu-xenial>.
[    5.813374] systemd[1]: Listening on /dev/initctl Compatibility Named Pipe.
[[0;32m  OK  [0m] Listening on /dev/initctl Compatibility Named Pipe.
[    5.816525] systemd[1]: Reached target Swap.
[[0;32m  OK  [0m] Reached target Swap.
[    5.819772] systemd[1]: Reached target System Time Synchronized.
[[0;32m  OK  [0m] Reached target System Time Synchronized.
[    5.823551] systemd[1]: Listening on LVM2 poll daemon socket.
[[0;32m  OK  [0m] Listening on LVM2 poll daemon socket.
[    5.830047] systemd[1]: Set up automount Arbitrary Executable File Formats File System Automount Point.
[[0;32m  OK  [0m] Set up automount Arbitrary Executab...ats File System Automount Point.
[    5.834962] systemd[1]: Listening on Syslog Socket.
[[0;32m  OK  [0m] Listening on Syslog Socket.
[    5.837741] systemd[1]: Started Forward Password Requests to Wall Directory Watch.
[[0;32m  OK  [0m] Started Forward Password Requests to Wall Directory Watch.
[    5.848577] systemd[1]: Listening on udev Control Socket.
[[0;32m  OK  [0m] Listening on udev Control Socket.
[    5.852323] systemd[1]: Listening on Journal Socket.
[[0;32m  OK  [0m] Listening on Journal Socket.
[    5.855778] systemd[1]: Listening on udev Kernel Socket.
[[0;32m  OK  [0m] Listening on udev Kernel Socket.
[    5.859159] systemd[1]: Listening on Journal Audit Socket.
[[0;32m  OK  [0m] Listening on Journal Audit Socket.
[    5.862421] systemd[1]: Started Trigger resolvconf update for networkd DNS.
[[0;32m  OK  [0m] Started Trigger resolvconf update for networkd DNS.
[    5.872597] systemd[1]: Reached target User and Group Name Lookups.
[[0;32m  OK  [0m] Reached target User and Group Name Lookups.
[    5.876035] systemd[1]: Created slice User and Session Slice.
[[0;32m  OK  [0m] Created slice User and Session Slice.
[    5.879720] systemd[1]: Listening on Device-mapper event daemon FIFOs.
[[0;32m  OK  [0m] Listening on Device-mapper event daemon FIFOs.
[    5.887919] systemd[1]: Reached target Encrypted Volumes.
[[0;32m  OK  [0m] Reached target Encrypted Volumes.
[    5.892340] systemd[1]: Created slice System Slice.
[[0;32m  OK  [0m] Created slice System Slice.
[    5.920531] systemd[1]: Starting Nameserver information manager...
         Starting Nameserver information manager...
[    5.923452] systemd[1]: Mounting Debug File System...
         Mounting Debug File System...
[    5.933024] systemd[1]: Created slice system-serial\x2dgetty.slice.
[[0;32m  OK  [0m] Created slice system-serial\x2dgetty.slice.
[    5.937019] systemd[1]: Mounting Huge Pages File System...
         Mounting Huge Pages File System...
[    5.942196] systemd[1]: Starting Load Kernel Modules...
         Starting Load Kernel Modules...
[    5.945647] systemd[1]: Starting Remount Root and Kernel File Systems...
         Starting Remount Root and Kernel File Systems...
[    5.957423] systemd[1]: Mounting POSIX Message Queue File System...
         Mounting POSIX Message Queue File System...
[    5.961242] systemd[1]: Starting Uncomplicated firewall...
         Starting Uncomplicated firewall...
[    5.965252] systemd[1]: Starting Set console keymap...
         Starting Set con[    5.973307] EXT4-fs (sda1): re-mounted. Opts: (null)
sole keymap...
[    5.975701] systemd[1]: Listening on Journal Socket (/dev/log).
[[0;32m  OK  [0m] Listening on Journal Socket (/dev/log).
[    5.979815] systemd[1]: Starting Journal Service...
         Starting Journal Service...
[    5.983418] systemd[1]: Reached target Slices.
[[0;32m  OK  [0[    5.986141] Loading iSCSI transport class v2.0-870.
m] Reached target Slices.
[    5.988514] systemd[1]: Listening on LVM2 metadata daemon socket.
[[0;32m  OK  [0m] Listening on LVM2 metadata daemon socket.
[    5.994497] systemd[1]: Starting Monitoring of LVM2 mirrors, snapshots etc. using dmeventd or progress polling...
         Starting Monitoring of LVM2 mirrors... dmeventd or progress polling...
[    6.004525] iscsi: registered transport (tcp)
[    6.005133] systemd[1]: Starting Create list of required static device nodes for the current kernel...
         Starting Create list of required st... nodes for the current kernel...
[    6.012172] systemd[1]: Mounted Debug File System.
[[0;32m  OK  [0m] Mounted Debug File System.
[    6.014777] systemd[1]: Mounted POSIX Message Queue File System.
[[0;32m  OK  [0m] Mounted POSIX Message Queue File System.
[    6.018657] systemd[1]: Mounted Huge Pages File System.
[[0;32m  OK  [0m] Mounted Huge Pages File System.
[    6.024429] systemd[1]: Started Remount Root and Kernel File Systems.
[[0;32m  OK  [0m] Started Remount Root and Kernel File Systems.
[    6.033117] systemd[1]: Started Uncomplicated firewall.
[[0;32m  OK  [0m] Started Uncomplicated firewall.
[    6.036395] systemd[1]: Started Create list of required static device nodes for the current kernel.
[[0;32m  OK  [0m] Started Create list of required sta...ce nodes for the current kernel.
[    6.045345] systemd[1]: Started Nameserver information manager.
[[0;32m  OK  [0m] Started Nameserver information manager.
[    6.051763] systemd[1]: Started Journal Service.
[[0;32m  OK  [0m] Started Journal Service.
[[0;32m  OK  [0m] Started LVM2 metadata daemon.
         Starting Create Static Device Nodes in /dev...
         Starting udev Coldplug all Devices...
         Starting Load/Save Random Seed...
         Starting Flush Journal to Persistent Storage...
[    6.090685] systemd-journald[385]: Received request to flush runtime journal from PID 1
[[0;32m  OK  [0m] Started Load/Save Random Seed.
[[0;32m  OK  [0m] Started Flush Journal to Persistent Storage.
[    6.127177] iscsi: registered transport (iser)
[[0;32m  OK  [0m] Started Set console keymap.
[[0;32m  OK  [0m] Started Load Kernel Modules.
[[0;32m  OK  [0m] Started Create Static Device Nodes in /dev.
         Starting udev Kernel Device Manager...
         Starting Apply Kernel Variables...
         Mounting FUSE Control File System...
[    6.165156] random: nonblocking pool is initialized
[[0;32m  OK  [0m] Mounted FUSE Control File System.
[[0;32m  OK  [0m] Started Monitoring of LVM2 mirrors,...ng dmeventd or progress polling.
[[0;32m  OK  [0m] Reached target Local File Systems (Pre).
[[0;32m  OK  [0m] Reached target Local File Systems.
         Starting Set console font and keymap...
         Starting Initial cloud-init job (pre-networking)...
         Starting LSB: AppArmor initialization...
         Starting Tell Plymouth To Write Out Runtime Data...
         Starting Create Volatile Files and Directories...
[[0;32m  OK  [0m] Started Apply Kernel Variables.
[[0;32m  OK  [0m] Started Tell Plymouth To Write Out Runtime Data.
[[0;32m  OK  [0m] Started udev Kernel Device Manager.
[[0;32m  OK  [0m] Started udev Coldplug all Devices.
[[0;32m  OK  [0m] Started Create Volatile Files and Directories.
         Starting Update UTMP about System Boot/Shutdown...
[[0;32m  OK  [0m] Started Dispatch Password Requests to Console Directory Watch.
[[0;32m  OK  [0m] Started Update UTMP about System Boot/Shutdown.
[[0;32m  OK  [0m] Started LSB: AppArmor initialization.
[[0;32m  OK  [0m] Found device /dev/ttyS0.
[[0;32m  OK  [0m] Listening on Load/Save RF Kill Switch Status /dev/rfkill Watch.
[[0;32m  OK  [0m] Found device 82540EM Gigabit Ethern...r (PRO/1000 MT Desktop Adapter).
[    6.741266] cloud-init[[0;1;31mFAILED[0m] Failed to start Initial cloud-init job (pre-networking).
See 'systemctl status cloud-init-local.service' for details.
[471]: Traceback (most recent call last):
[    6.911956] [[0;32m  OK  [0mcloud-init] [471]: Reached target Network (Pre).  File "/usr/bin/cloud-init", line 9, in <module>

[    6.912713] cloud-init[471]:     load_entry_point('cloud-init==19.4', 'console_scripts', 'cloud-init')()
[    6.917895] cloud-init[471]:   File "/usr/lib/python3/dist-packages/pkg_resources/__init__.py", line 542, in load_entry_point
[    6.921047] cloud-init[471]:     return get_distribution(dist).load_entry_point(group, name)
[    6.969372] cloud-init[471]:   File "/usr/lib/python3/dist-packages/pkg_resources/__init__.py", line 2569, in load_entry_point
[[0;32m  OK  [0m] Started ifup for enp0s3.
[    6.978347] cloud-init[471]:     return ep.load()
[    7.019621] cloud-init[471]:   File "/usr/lib/python3/dist-packages/pkg_resources/__init__.py", line 2229, in load
[    7.020768] cloud-init[471]:     return self.resolve()
[    7.021845] cloud-init[471]:   File "/usr/lib/python3/dist-packages/pkg_resources/__init__.py", line 2235, in resolve
[    7.023339] cloud-init[471]:     module = __import__(self.module_name, fromlist=['__name__'], level=0)
[    7.024657] cloud-init[471]:   File "/usr/lib/python3/dist-packages/cloudinit/cmd/main.py", line 29, in <module>
[    7.026543] cloud-init[471]:     from cloudinit import stages
[    7.028276]          Starting Raise network interfaces...
cloud-init[471]:   File "/usr/lib/python3/dist-packages/cloudinit/stages.py", line 21, in <module>
[    7.070843] cloud-init[471]:     from cloudinit.handlers.cloud_config import CloudConfigPartHandler
[    7.072865] [[0;32m  OK  [0m] Started Set console font and keymap.
[[0;32m  OK  [0m] Created slice system-getty.slice.
cloud-init[471]:   File "/usr/lib/python3/dist-packages/cloudinit/handlers/cloud_config.py", line 11, in <module>
[    7.076790] cloud-init[471]:     import jsonpatch
[    7.078614] cloud-init[471]:   File "/usr/lib/python3/dist-packages/jsonpatch.py", line 114, in <module>
[    7.119809] cloud-init[471]:     json.load = get_loadjson()
[    7.128868] cloud-init[471]:   File "/usr/lib/python3/dist-packages/jsonpatch.py", line 108, in get_loadjson
[    7.163087] cloud-init[471]:     argspec = inspect.getargspec(json.load)
[    7.172776] cloud-init[471]:   File "/usr/lib/python3.7/inspect.py", line 1082, in getargspec
[    7.174561] cloud-init[471]:     raise ValueError("Function has keyword-only parameters or annotations"
[    7.177699] cloud-init[471]: ValueError: Function has keyword-only parameters or annotations, use getfullargspec() API which can support them
[[0;32m  OK  [0m] Started Raise network interfaces.
[[0;32m  OK  [0m] Reached target Network.
         Starting Initial cloud-init job (metadata service crawler)...
[    7.504551] cloud-init[953]: Traceback (most recent call last):
[    7.512918] cloud-init[953]:   File "/usr/bin/cloud-init", line 9, in <module>
[    7.524813] cloud-init[953]:     load_entry_point('cloud-init==19.4', 'console_scripts', 'cloud-init')()
[    7.526852] cloud-init[953]:   File "/usr/lib/python3/dist-packages/pkg_resources/__init__.py", line 542, in load_entry_point
[    7.529376] [cloud-init[0;1;31mFAILED[0m[953]: ]     return get_distribution(dist).load_entry_point(group, name)Failed to start Initial cloud-init job (metadata service crawler).

See 'systemctl status cloud-init.service' for details.
[    7.532586] [[0;32m  OK  [0m] Reached target Network is Online.
cloud-init[953]:   File "/usr/lib/python3/dist-packages/pkg_resources/__init__.py", line 2569, in load_entry_point
[    7.535321] cloud-init[953]:     return ep.load()
[    7.544703]          Starting iSCSI initiator daemon (iscsid)...
[[0;32m  OK  [0m] Reached target System Initialization.
cloud-init[953]: [[0;32m  OK  [0m] Started Message of the Day.
[[0;32m  OK  [0m] Listening on ACPID Listen Socket.
[[0;32m  OK  [0m] Listening on UUID daemon activation socket.
[[0;32m  OK  [0m] Started Daily Cleanup of Temporary Directories.
         Starting Socket activation for snappy daemon.
  File "/usr/lib/python3/dist-packages/pkg_resources/__init__.py", line 2229, in load
[    7.550870] cloud-init[953]:     return self.resolve()
[    7.550913] cloud-init[953]:   File "/usr/lib/python3/dist-packages/pkg_resources/__init__.py", line 2235, in resolve
[    7.551601] [[0;32m  OK  [0m] Listening on D-Bus System Message Bus Socket.
cloud-init[953]:     module = __import__(self.module_name, fromlist=['__name__'], level=0)
[    7.556948] cloud-init[953]:   File "/usr/lib/python3/dist-packages/cloudinit/cmd/main.py", line 29, in <module>
[    7.560712] cloud-init[[953]: [0;32m  OK  [0m    from cloudinit import stages] 
Started ACPI Events Check.
[    7.561588] [[0;32m  OK  [0m] Reached target Paths.
[[0;32m  OK  [0m] Started Daily apt download activities.
cloud-init[953]:   File "/usr/lib/python3/dist-packages/cloudinit/stages.py", line 21, in <module>
[    7.566339] [[0;32m  OK  [0m] Started Daily apt upgrade and clean activities.
[[0;32m  OK  [0m] Reached target Timers.
cloud-init[953]:     from cloudinit.handlers.cloud_config import CloudConfigPartHandler
[    7.569980]          cloud-initStarting LXD - unix socket.[953]: 
  File "/usr/lib/python3/dist-packages/cloudinit/handlers/cloud_config.py", line 11, in <module>
[    7.576680] [[0;32m  OK  [0m] Reached target Cloud-config availability.
cloud-init[953]:     import jsonpatch
[    7.578158] cloud-init[953]:   File "/usr/lib/python3/dist-packages/jsonpatch.py", line 114, in <module>
[    7.579793] cloud-init[953]:     json.load = get_loadjson()
[    7.581401] cloud-init[953]:   File "/usr/lib/python3/dist-packages/jsonpatch.py", line 108, in get_loadjson
[    7.583045] cloud-init[953]:     argspec = inspect.getargspec(json.load)
[    7.585120] cloud-init[953]:   File "/usr/lib/python3.7/inspect.py", line 1082, in getargspec
[    7.587071] cloud-init[953]:     raise ValueError("Function has keyword-only parameters or annotations"
[[0;32m  OK  [0m] Listening on Socket activation for snappy daemon.
[[0;32m  OK  [0m] Listening on LXD - unix socket.
[    7.598287] cloud-init[953]: ValueError: Function has keyword-only parameters or annotations, use getfullargspec() API which can support them
[[0;32m  OK  [0m] Started iSCSI initiator daemon (iscsid).
         Starting Login to default iSCSI targets...
[[0;32m  OK  [0m] Reached target Sockets.
[[0;32m  OK  [0m] Reached target Basic System.
         Starting Login Service...
         Starting Virtualbox guest utils...
[[0;32m  OK  [0m] Started Deferred execution scheduler.
         Starting System Logging Service...
[[0;32m  OK  [0m] Started D-Bus System Message Bus.
         Starting LSB: MD monitoring daemon...
         Starting LSB: Record successful boot for GRUB...
         Starting OpenBSD Secure Shell server...
         Starting /etc/rc.local Compatibility...
         Starting LXD - container startup/shutdown...
         Starting Accounts Service...
[[0;32m  OK  [0m] Started ACPI event daemon.
[[0;32m  OK  [0m] Started FUSE filesystem for LXC.
         Starting MySQL Community Server...
         Starting A high performance web server and a reverse proxy server...
[[0;32m  OK  [0m] Started Regular background program processing daemon.
         Starting Snappy daemon...
[[0;32m  OK  [0m] Started System Logging Service.
[[0;32m  OK  [0m] Started /etc/rc.local Compatibility.
[[0;32m  OK  [0m] Started Login Service.
[[0;32m  OK  [0m] Started Unattended Upgrades Shutdown.
[[0;32m  OK  [0m] Started Login to default iSCSI targets.
[[0;32m  OK  [0m] Reached target Remote File Systems (Pre).
[[0;32m  OK  [0m] Reached target Remote File Systems.
         Starting LSB: daemon to balance interrupts for SMP systems...
         Starting Permit User Sessions...
         Starting LSB: Set the CPU Frequency Scaling governor to "ondemand"...
         Starting LSB: automatic crash report generation...
[[0;32m  OK  [0m] Started Permit User Sessions.
         Starting Terminate Plymouth Boot Screen...
         Starting Hold until boot process finishes up...
[[0;32m  OK  [0m] Started Hold until boot process finishes up.
[[0;32m  OK  [0m] Started Getty on tty1.
         Starting Set console scheme...
[[0;32m  OK  [0m] Started Serial Getty on ttyS0.
[[0;32m  OK  [0m] Reached target Login Prompts.
[[0;32m  OK  [0m] Started LSB: MD monitoring daemon.
[[0;32m  OK  [0m] Started LSB: Record successful boot for GRUB.
[[0;32m  OK  [0m] Started LSB: Set the CPU Frequency Scaling governor to "ondemand".
[[0;32m  OK  [0m] Started Terminate Plymouth Boot Screen.
[[0;32m  OK  [0m] Started OpenBSD Secure Shell server.
[[0;32m  OK  [0m] Started Set console scheme.
         Starting Authenticate and Authorize Users to Run Privileged Tasks...
[[0;32m  OK  [0m] Started LSB: automatic crash report generation.
[[0;32m  OK  [0m] Started LSB: daemon to balance interrupts for SMP systems.
[[0;32m  OK  [0m] Started Authenticate and Authorize Users to Run Privileged Tasks.
[[0;32m  OK  [0m] Started Accounts Service.
[[0;32m  OK  [0m] Started A high performance web server and a reverse proxy server.
[[0;32m  OK  [0m] Started LXD - container startup/shutdown.
[[0;32m  OK  [0m] Started Virtualbox guest utils.
[[0;32m  OK  [0m] Started Snappy daemon.
         Starting Wait until snapd is fully seeded...
[[0;32m  OK  [0m] Started Wait until snapd is fully seeded.
         Starting Apply the settings specified in cloud-config...
[    8.486752] cloud-init[1198]: Traceback (most recent call last):
[    8.493423] cloud-init[1198]:   File "/usr/bin/cloud-init", line 9, in <module>
[    8.505633] cloud-init[1198]:     load_entry_point('cloud-init==19.4', 'console_scripts', 'cloud-init')()
[    8.506715] cloud-init[1198]:   File "/usr/lib/python3/dist-packages/pkg_resources/__init__.py", line 542, in load_entry_point
[    8.508296] cloud-init[1198]:     return get_distribution(dist).load_entry_point(group, name)
[    8.509987] cloud-init[1198]:   File "/usr/lib/python3/dist-packages/pkg_resources/__init__.py", line 2569, in load_entry_point
[    8.512573] cloud-init[1198]:     return ep.load()
[    8.514986] cloud-init[1198]:   File "/usr/lib/python3/dist-packages/pkg_resources/__init__.py", line 2229, in load
[    8.521625] cloud-init[1198]:     return self.resolve()
[    8.527255] cloud-init[1198]:   File "/usr/lib/python3/dist-packages/pkg_resources/__init__.py", line 2235, in resolve
[    8.532053] cloud-init[1198]:     module = __import__(self.module_name, fromlist=['__name__'], level=0)
[    8.533677] cloud-init[1198]:   File "/usr/lib/python3/dist-packages/cloudinit/cmd/main.py", line 29, in <module>
[    8.535431] cloud-init[1198]:     from cloudinit import stages
[    8.537421] cloud-init[1198]:   File "/usr/lib/python3/dist-packages/cloudinit/stages.py", line 21, in <module>
[    8.539092] cloud-init[1198]:     from cloudinit.handlers.cloud_config import CloudConfigPartHandler
[    8.548614] cloud-init[1198]:   File "/usr/lib/python3/dist-packages/cloudinit/handlers/cloud_config.py", line 11, in <module>
[    8.550609] cloud-init[1198]:     import jsonpatch
[    8.551604] cloud-init[1198]:   File "/usr/lib/python3/dist-packages/jsonpatch.py", line 114, in <module>
[[0;1;31mFAILED[0m] Failed to start Apply the settings specified in cloud-config.
[    8.552784] See 'systemctl status cloud-config.service' for details.
cloud-init[1198]:     json.load = get_loadjson()
[    8.562505] cloud-init[1198]:   File "/usr/lib/python3/dist-packages/jsonpatch.py", line 108, in get_loadjson
[    8.564587] cloud-init[1198]:     argspec = inspect.getargspec(json.load)
[    8.566244] cloud-init[1198]:   File "/usr/lib/python3.7/inspect.py", line 1082, in getargspec
[    8.567816] cloud-init[1198]:     raise ValueError("Function has keyword-only parameters or annotations"
[    8.576332] cloud-init[1198]: ValueError: Function has keyword-only parameters or annotations, use getfullargspec() API which can support them
[[0;32m  OK  [0m] Started MySQL Community Server.
[[0;32m  OK  [0m] Reached target Multi-User System.
         Starting Execute cloud user/final scripts...
[[0;32m  OK  [0m] Reached target Graphical Interface.
         Starting Update UTMP about System Runlevel Changes...
[[0;32m  OK  [0m] Started Update UTMP about System Runlevel Changes.
[    9.154335] cloud-init[1232]: Traceback (most recent call last):
[    9.155620] cloud-init[1232]:   File "/usr/bin/cloud-init", line 9, in <module>
[    9.156796] cloud-init[1232]:     load_entry_point('cloud-init==19.4', 'console_scripts', 'cloud-init')()
[    9.165005] cloud-init[1232]:   File "/usr/lib/python3/dist-packages/pkg_resources/__init__.py", line 542, in load_entry_point
[    9.166360] cloud-init[1232]:     return get_distribution(dist).load_entry_point(group, name)
[    9.167384] cloud-init[1232]:   File "/usr/lib/python3/dist-packages/pkg_resources/__init__.py", line 2569, in load_entry_point
[    9.168444] cloud-init[1232]:     return ep.load()
[    9.176884] cloud-init[1232]:   File "/usr/lib/python3/dist-packages/pkg_resources/__init__.py", line 2229, in load
[    9.178298] cloud-init[1232]:     return self.resolve()
[[0;1;31mFAILED[0m] Failed to start Execute cloud user/final scripts.
See 'systemctl status cloud-final.service' for details.
[[0;32m  OK  [0m] Reached targ[    9.180211] cloud-init[1232]:   File "/usr/lib/python3/dist-packages/pkg_resources/__init__.py", line 2235, in resolve
[    9.184568] cloud-init[1232]:     module = __import__(self.module_name, fromlist=['__name__'], level=0)
[    9.198421] cloud-init[1232]:   File "/usr/lib/python3/dist-packages/cloudinit/cmd/main.py", line 29, in <module>
[    9.199553] cloud-init[1232]:     from cloudinit import stages
[    9.208928] cloud-init[1232]:   File "/usr/l[    9.209451] cloud-init[1232]:     from cloudinit.handlers.cloud_config import CloudConfigPartHandler
[    9.209701] cloud-init[1232]:   File "/usr/lib/python3/dist-packages/cloudinit/handlers/cloud_config.py", line 11, in <module>
[    9.210387] cloud-init[1232]:     import jsonpatch
[    9.210898] cloud-init[1232]:   File "/usr/lib/python3/dist-packages/jsonpatch.py", line 114, in <module>
[    9.211264] cloud-init[1232]:     json.load = get_loadjson()
[    9.212269] cloud-init[1232]:   File "/usr/lib/python3/dist-packages/jsonpatch.py", line 108, in get_loadjson
[    9.212459] cloud-init[1232]:     argspec = inspect.getargspec(json.load)
[    9.213877] cloud-init[1232]:   File "/usr/lib/python3.7/inspect.py", line 1082, in getargspec
[    9.214131] cloud-init[1232]:     raise ValueError("Function has keyword-only parameters or annotations"
[    9.214379] cloud-init[1232]: ValueError: Function has keyword-only parameters or annotations, use getfullargspec() API which can support them

Ubuntu 16.04.6 LTS ubuntu-xenial ttyS0

ubuntu-xenial login: 