[    0.000000] Initializing cgroup subsys cpuset
[    0.000000] Initializing cgroup subsys cpu
[    0.000000] Initializing cgroup subsys cpuacct
[    0.000000] Linux version 4.4.0-184-generic (buildd@lgw01-amd64-060) (gcc version 5.4.0 20160609 (Ubuntu 5.4.0-6ubuntu1~16.04.12) ) #214-Ubuntu SMP Thu Jun 4 10:14:11 UTC 2020 (Ubuntu 4.4.0-184.214-generic 4.4.223)
[    0.000000] Command line: BOOT_IMAGE=/boot/vmlinuz-4.4.0-184-generic root=LABEL=cloudimg-rootfs ro console=tty1 console=ttyS0
[    0.000000] KERNEL supported cpus:
[    0.000000]   Intel GenuineIntel
[    0.000000]   AMD AuthenticAMD
[    0.000000]   Centaur CentaurHauls
[    0.000000] x86/fpu: xstate_offset[2]:  576, xstate_sizes[2]:  256
[    0.000000] x86/fpu: Supporting XSAVE feature 0x01: 'x87 floating point registers'
[    0.000000] x86/fpu: Supporting XSAVE feature 0x02: 'SSE registers'
[    0.000000] x86/fpu: Supporting XSAVE feature 0x04: 'AVX registers'
[    0.000000] x86/fpu: Enabled xstate features 0x7, context size is 832 bytes, using 'standard' format.
[    0.000000] e820: BIOS-provided physical RAM map:
[    0.000000] BIOS-e820: [mem 0x0000000000000000-0x000000000009fbff] usable
[    0.000000] BIOS-e820: [mem 0x000000000009fc00-0x000000000009ffff] reserved
[    0.000000] BIOS-e820: [mem 0x00000000000f0000-0x00000000000fffff] reserved
[    0.000000] BIOS-e820: [mem 0x0000000000100000-0x000000003ffeffff] usable
[    0.000000] BIOS-e820: [mem 0x000000003fff0000-0x000000003fffffff] ACPI data
[    0.000000] BIOS-e820: [mem 0x00000000fec00000-0x00000000fec00fff] reserved
[    0.000000] BIOS-e820: [mem 0x00000000fee00000-0x00000000fee00fff] reserved
[    0.000000] BIOS-e820: [mem 0x00000000fffc0000-0x00000000ffffffff] reserved
[    0.000000] NX (Execute Disable) protection: active
[    0.000000] SMBIOS 2.5 present.
[    0.000000] Hypervisor detected: KVM
[    0.000000] e820: last_pfn = 0x3fff0 max_arch_pfn = 0x400000000
[    0.000000] MTRR: Disabled
[    0.000000] x86/PAT: MTRRs disabled, skipping PAT initialization too.
[    0.000000] CPU MTRRs all blank - virtualized system.
[    0.000000] x86/PAT: Configuration [0-7]: WB  WT  UC- UC  WB  WT  UC- UC  
[    0.000000] found SMP MP-table at [mem 0x0009fff0-0x0009ffff] mapped at [ffff88000009fff0]
[    0.000000] Scanning 1 areas for low memory corruption
[    0.000000] RAMDISK: [mem 0x362de000-0x37166fff]
[    0.000000] ACPI: Early table checksum verification disabled
[    0.000000] ACPI: RSDP 0x00000000000E0000 000024 (v02 VBOX  )
[    0.000000] ACPI: XSDT 0x000000003FFF0030 00003C (v01 VBOX   VBOXXSDT 00000001 ASL  00000061)
[    0.000000] ACPI: FACP 0x000000003FFF00F0 0000F4 (v04 VBOX   VBOXFACP 00000001 ASL  00000061)
[    0.000000] ACPI: DSDT 0x000000003FFF0470 002325 (v02 VBOX   VBOXBIOS 00000002 INTL 20100528)
[    0.000000] ACPI: FACS 0x000000003FFF0200 000040
[    0.000000] ACPI: FACS 0x000000003FFF0200 000040
[    0.000000] ACPI: APIC 0x000000003FFF0240 00005C (v02 VBOX   VBOXAPIC 00000001 ASL  00000061)
[    0.000000] ACPI: SSDT 0x000000003FFF02A0 0001CC (v01 VBOX   VBOXCPUT 00000002 INTL 20100528)
[    0.000000] No NUMA configuration found
[    0.000000] Faking a node at [mem 0x0000000000000000-0x000000003ffeffff]
[    0.000000] NODE_DATA(0) allocated [mem 0x3ffeb000-0x3ffeffff]
[    0.000000] kvm-clock: Using msrs 4b564d01 and 4b564d00
[    0.000000] kvm-clock: cpu 0, msr 0:3ffe3001, primary cpu clock
[    0.000000] kvm-clock: using sched offset of 4700510407 cycles
[    0.000000] clocksource: kvm-clock: mask: 0xffffffffffffffff max_cycles: 0x1cd42e4dffb, max_idle_ns: 881590591483 ns
[    0.000000] Zone ranges:
[    0.000000]   DMA      [mem 0x0000000000001000-0x0000000000ffffff]
[    0.000000]   DMA32    [mem 0x0000000001000000-0x000000003ffeffff]
[    0.000000]   Normal   empty
[    0.000000]   Device   empty
[    0.000000] Movable zone start for each node
[    0.000000] Early memory node ranges
[    0.000000]   node   0: [mem 0x0000000000001000-0x000000000009efff]
[    0.000000]   node   0: [mem 0x0000000000100000-0x000000003ffeffff]
[    0.000000] Initmem setup node 0 [mem 0x0000000000001000-0x000000003ffeffff]
[    0.000000] ACPI: PM-Timer IO Port: 0x4008
[    0.000000] IOAPIC[0]: apic_id 2, version 32, address 0xfec00000, GSI 0-23
[    0.000000] ACPI: INT_SRC_OVR (bus 0 bus_irq 0 global_irq 2 dfl dfl)
[    0.000000] ACPI: INT_SRC_OVR (bus 0 bus_irq 9 global_irq 9 low level)
[    0.000000] Using ACPI (MADT) for SMP configuration information
[    0.000000] smpboot: Allowing 2 CPUs, 0 hotplug CPUs
[    0.000000] PM: Registered nosave memory: [mem 0x00000000-0x00000fff]
[    0.000000] PM: Registered nosave memory: [mem 0x0009f000-0x0009ffff]
[    0.000000] PM: Registered nosave memory: [mem 0x000a0000-0x000effff]
[    0.000000] PM: Registered nosave memory: [mem 0x000f0000-0x000fffff]
[    0.000000] e820: [mem 0x40000000-0xfebfffff] available for PCI devices
[    0.000000] Booting paravirtualized kernel on KVM
[    0.000000] clocksource: refined-jiffies: mask: 0xffffffff max_cycles: 0xffffffff, max_idle_ns: 7645519600211568 ns
[    0.000000] setup_percpu: NR_CPUS:512 nr_cpumask_bits:512 nr_cpu_ids:2 nr_node_ids:1
[    0.000000] PERCPU: Embedded 33 pages/cpu @ffff88003fc00000 s95448 r8192 d31528 u1048576
[    0.000000] Built 1 zonelists in Node order, mobility grouping on.  Total pages: 257912
[    0.000000] Policy zone: DMA32
[    0.000000] Kernel command line: BOOT_IMAGE=/boot/vmlinuz-4.4.0-184-generic root=LABEL=cloudimg-rootfs ro console=tty1 console=ttyS0
[    0.000000] PID hash table entries: 4096 (order: 3, 32768 bytes)
[    0.000000] Memory: 997664K/1048120K available (8632K kernel code, 1336K rwdata, 4036K rodata, 1492K init, 1292K bss, 50456K reserved, 0K cma-reserved)
[    0.000000] SLUB: HWalign=64, Order=0-3, MinObjects=0, CPUs=2, Nodes=1
[    0.000000] Kernel/User page tables isolation: enabled
[    0.000000] Hierarchical RCU implementation.
[    0.000000] 	Build-time adjustment of leaf fanout to 64.
[    0.000000] 	RCU restricting CPUs from NR_CPUS=512 to nr_cpu_ids=2.
[    0.000000] RCU: Adjusting geometry for rcu_fanout_leaf=64, nr_cpu_ids=2
[    0.000000] NR_IRQS:33024 nr_irqs:440 16
[    0.000000] Console: colour VGA+ 80x25
[    0.000000] console [tty1] enabled
[    0.000000] console [ttyS0] enabled
[    0.000000] tsc: Detected 2807.998 MHz processor
[    0.156839] Calibrating delay loop (skipped) preset value.. 5615.99 BogoMIPS (lpj=11231992)
[    0.158723] pid_max: default: 32768 minimum: 301
[    0.159704] ACPI: Core revision 20150930
[    0.161331] ACPI: 2 ACPI AML tables successfully acquired and loaded
[    0.163591] Security Framework initialized
[    0.164579] Yama: becoming mindful.
[    0.165370] AppArmor: AppArmor initialized
[    0.166381] Dentry cache hash table entries: 131072 (order: 8, 1048576 bytes)
[    0.169133] Inode-cache hash table entries: 65536 (order: 7, 524288 bytes)
[    0.170609] Mount-cache hash table entries: 2048 (order: 2, 16384 bytes)
[    0.171939] Mountpoint-cache hash table entries: 2048 (order: 2, 16384 bytes)
[    0.173503] Initializing cgroup subsys io
[    0.174433] Initializing cgroup subsys memory
[    0.175362] Initializing cgroup subsys devices
[    0.176329] Initializing cgroup subsys freezer
[    0.177291] Initializing cgroup subsys net_cls
[    0.178256] Initializing cgroup subsys perf_event
[    0.179382] Initializing cgroup subsys net_prio
[    0.180710] Initializing cgroup subsys hugetlb
[    0.181847] Initializing cgroup subsys pids
[    0.195572] mce: CPU supports 0 MCE banks
[    0.197089] Last level iTLB entries: 4KB 64, 2MB 8, 4MB 8
[    0.198698] Last level dTLB entries: 4KB 64, 2MB 0, 4MB 0, 1GB 4
[    0.200031] Spectre V1 : Mitigation: usercopy/swapgs barriers and __user pointer sanitization
[    0.202078] Spectre V2 : Mitigation: Full generic retpoline
[    0.203327] Spectre V2 : Spectre v2 / SpectreRSB mitigation: Filling RSB on context switch
[    0.205415] Speculative Store Bypass: Vulnerable
[    0.206414] SRBDS: Unknown: Dependent on hypervisor status
[    0.207642] MDS: Mitigation: Clear CPU buffers
[    0.211178] Freeing SMP alternatives memory: 36K
[    0.217875] ftrace: allocating 32319 entries in 127 pages
[    0.275473] smpboot: APIC(0) Converting physical 0 to logical package 0
[    0.277588] smpboot: Max logical packages: 1
[    0.279053] x2apic enabled
[    0.280113] Switched APIC routing to physical x2apic.
[    0.282129] ..TIMER: vector=0x30 apic1=0 pin1=2 apic2=-1 pin2=-1
[    0.392004] smpboot: CPU0: Intel(R) Core(TM) i7-7700HQ CPU @ 2.80GHz (family: 0x6, model: 0x9e, stepping: 0x9)
[    0.395717] Performance Events: unsupported p6 CPU model 158 no PMU driver, software events only.
[    0.410401] KVM setup paravirtual spinlock
[    0.412133] x86: Booting SMP configuration:
[    0.413192] .... node  #0, CPUs:      #1
[    0.414178] kvm-clock: cpu 1, msr 0:3ffe3041, secondary cpu clock
[    0.427366] mce: CPU supports 0 MCE banks
[    0.430710] x86: Booted up 1 node, 2 CPUs
[    0.432360] smpboot: Total of 2 processors activated (11231.99 BogoMIPS)
[    0.434214] devtmpfs: initialized
[    0.437561] evm: security.selinux
[    0.439129] evm: security.SMACK64
[    0.440813] evm: security.SMACK64EXEC
[    0.441829] evm: security.SMACK64TRANSMUTE
[    0.442873] evm: security.SMACK64MMAP
[    0.443920] evm: security.ima
[    0.444722] evm: security.capability
[    0.445905] clocksource: jiffies: mask: 0xffffffff max_cycles: 0xffffffff, max_idle_ns: 7645041785100000 ns
[    0.449012] futex hash table entries: 512 (order: 3, 32768 bytes)
[    0.450765] pinctrl core: initialized pinctrl subsystem
[    0.452354] RTC time: 22:24:50, date: 11/06/20
[    0.454045] NET: Registered protocol family 16
[    0.464637] cpuidle: using governor ladder
[    0.476639] cpuidle: using governor menu
[    0.477677] PCCT header not found.
[    0.478814] ACPI: bus type PCI registered
[    0.479807] acpiphp: ACPI Hot Plug PCI Controller Driver version: 0.5
[    0.481326] PCI: Using configuration type 1 for base access
[    0.494801] ACPI: Added _OSI(Module Device)
[    0.496360] ACPI: Added _OSI(Processor Device)
[    0.497739] ACPI: Added _OSI(3.0 _SCP Extensions)
[    0.498828] ACPI: Added _OSI(Processor Aggregator Device)
[    0.501084] ACPI: Executed 1 blocks of module-level executable AML code
[    0.504519] ACPI: Interpreter enabled
[    0.505399] ACPI: (supports S0 S5)
[    0.506169] ACPI: Using IOAPIC for interrupt routing
[    0.507608] PCI: Using host bridge windows from ACPI; if necessary, use "pci=nocrs" and report a bug
[    0.514944] ACPI: PCI Root Bridge [PCI0] (domain 0000 [bus 00-ff])
[    0.516663] acpi PNP0A03:00: _OSC: OS supports [ASPM ClockPM Segments MSI]
[    0.518740] acpi PNP0A03:00: _OSC: not requesting OS control; OS requires [ExtendedConfig ASPM ClockPM MSI]
[    0.521137] acpi PNP0A03:00: fail to add MMCONFIG information, can't access extended PCI configuration space under this bridge.
[    0.523861] PCI host bridge to bus 0000:00
[    0.524766] pci_bus 0000:00: root bus resource [io  0x0000-0x0cf7 window]
[    0.526161] pci_bus 0000:00: root bus resource [io  0x0d00-0xffff window]
[    0.527517] pci_bus 0000:00: root bus resource [mem 0x000a0000-0x000bffff window]
[    0.529974] pci_bus 0000:00: root bus resource [mem 0x40000000-0xfdffffff window]
[    0.532574] pci_bus 0000:00: root bus resource [bus 00-ff]
[    0.536211] pci 0000:00:01.1: legacy IDE quirk: reg 0x10: [io  0x01f0-0x01f7]
[    0.538651] pci 0000:00:01.1: legacy IDE quirk: reg 0x14: [io  0x03f6]
[    0.540368] pci 0000:00:01.1: legacy IDE quirk: reg 0x18: [io  0x0170-0x0177]
[    0.549965] pci 0000:00:01.1: legacy IDE quirk: reg 0x1c: [io  0x0376]
[    0.564916] pci 0000:00:07.0: quirk: [io  0x4000-0x403f] claimed by PIIX4 ACPI
[    0.567299] pci 0000:00:07.0: quirk: [io  0x4100-0x410f] claimed by PIIX4 SMB
[    0.574477] ACPI: PCI Interrupt Link [LNKA] (IRQs 5 9 10 *11)
[    0.576546] ACPI: PCI Interrupt Link [LNKB] (IRQs 5 9 *10 11)
[    0.578385] ACPI: PCI Interrupt Link [LNKC] (IRQs 5 *9 10 11)
[    0.580171] ACPI: PCI Interrupt Link [LNKD] (IRQs 5 9 10 *11)
[    0.581837] ACPI: Enabled 2 GPEs in block 00 to 07
[    0.583228] vgaarb: setting as boot device: PCI:0000:00:02.0
[    0.584489] vgaarb: device added: PCI:0000:00:02.0,decodes=io+mem,owns=io+mem,locks=none
[    0.586411] vgaarb: loaded
[    0.587093] vgaarb: bridge control possible 0000:00:02.0
[    0.588484] SCSI subsystem initialized
[    0.589530] ACPI: bus type USB registered
[    0.590460] usbcore: registered new interface driver usbfs
[    0.591657] usbcore: registered new interface driver hub
[    0.592809] usbcore: registered new device driver usb
[    0.594096] PCI: Using ACPI for IRQ routing
[    0.596635] NetLabel: Initializing
[    0.597511] NetLabel:  domain hash size = 128
[    0.598498] NetLabel:  protocols = UNLABELED CIPSOv4
[    0.599594] NetLabel:  unlabeled traffic allowed by default
[    0.600992] amd_nb: Cannot enumerate AMD northbridges
[    0.602159] clocksource: Switched to clocksource kvm-clock
[    0.610228] AppArmor: AppArmor Filesystem Enabled
[    0.612158] pnp: PnP ACPI init
[    0.614618] pnp: PnP ACPI: found 3 devices
[    0.624865] clocksource: acpi_pm: mask: 0xffffff max_cycles: 0xffffff, max_idle_ns: 2085701024 ns
[    0.627440] NET: Registered protocol family 2
[    0.628606] TCP established hash table entries: 8192 (order: 4, 65536 bytes)
[    0.630115] TCP bind hash table entries: 8192 (order: 5, 131072 bytes)
[    0.631503] TCP: Hash tables configured (established 8192 bind 8192)
[    0.633172] UDP hash table entries: 512 (order: 2, 16384 bytes)
[    0.634468] UDP-Lite hash table entries: 512 (order: 2, 16384 bytes)
[    0.636102] NET: Registered protocol family 1
[    0.637080] pci 0000:00:00.0: Limiting direct PCI/PCI transfers
[    0.638375] pci 0000:00:01.0: Activating ISA DMA hang workarounds
[    0.639824] Unpacking initramfs...
[    0.858759] Freeing initrd memory: 14884K
[    0.860337] clocksource: tsc: mask: 0xffffffffffffffff max_cycles: 0x2879c456dd4, max_idle_ns: 440795285767 ns
[    0.863125] platform rtc_cmos: registered platform RTC device (no PNP device found)
[    0.864891] Scanning for low memory corruption every 60 seconds
[    0.866535] audit: initializing netlink subsys (disabled)
[    0.868027] audit: type=2000 audit(1604701496.622:1): initialized
[    0.869652] Initialise system trusted keyring
[    0.870896] HugeTLB registered 2 MB page size, pre-allocated 0 pages
[    0.873309] zbud: loaded
[    0.874692] VFS: Disk quotas dquot_6.6.0
[    0.876051] VFS: Dquot-cache hash table entries: 512 (order 0, 4096 bytes)
[    0.877844] squashfs: version 4.0 (2009/01/31) Phillip Lougher
[    0.879518] fuse init (API version 7.23)
[    0.880541] Key type big_key registered
[    0.881438] Allocating IMA MOK and blacklist keyrings.
[    0.884220] Key type asymmetric registered
[    0.885164] Asymmetric key parser 'x509' registered
[    0.886266] Block layer SCSI generic (bsg) driver version 0.4 loaded (major 249)
[    0.888323] io scheduler noop registered
[    0.889768] io scheduler deadline registered (default)
[    0.891222] io scheduler cfq registered
[    0.892535] pci_hotplug: PCI Hot Plug PCI Core version: 0.5
[    0.893902] pciehp: PCI Express Hot Plug Controller Driver version: 0.4
[    0.895813] ACPI: AC Adapter [AC] (on-line)
[    0.897105] input: Power Button as /devices/LNXSYSTM:00/LNXPWRBN:00/input/input0
[    0.898882] ACPI: Power Button [PWRF]
[    0.900092] input: Sleep Button as /devices/LNXSYSTM:00/LNXSLPBN:00/input/input1
[    0.901780] ACPI: Sleep Button [SLPF]
[    0.902931] GHES: HEST is not enabled!
[    0.905154] ACPI: Battery Slot [BAT0] (battery present)
[    0.906980] Serial: 8250/16550 driver, 32 ports, IRQ sharing enabled
[    0.929024] 00:02: ttyS0 at I/O 0x3f8 (irq = 4, base_baud = 115200) is a 16550A
[    0.934982] Linux agpgart interface v0.103
[    0.938689] loop: module loaded
[    0.940463] scsi host0: ata_piix
[    0.941636] scsi host1: ata_piix
[    0.942575] ata1: PATA max UDMA/33 cmd 0x1f0 ctl 0x3f6 bmdma 0xd000 irq 14
[    0.944093] ata2: PATA max UDMA/33 cmd 0x170 ctl 0x376 bmdma 0xd008 irq 15
[    0.947068] libphy: Fixed MDIO Bus: probed
[    0.948241] tun: Universal TUN/TAP device driver, 1.6
[    0.949526] tun: (C) 1999-2004 Max Krasnyansky <maxk@qualcomm.com>
[    0.951274] PPP generic driver version 2.4.2
[    0.952630] ehci_hcd: USB 2.0 'Enhanced' Host Controller (EHCI) Driver
[    0.954277] ehci-pci: EHCI PCI platform driver
[    0.955476] ehci-platform: EHCI generic platform driver
[    0.956692] ohci_hcd: USB 1.1 'Open' Host Controller (OHCI) Driver
[    0.958645] ohci-pci: OHCI PCI platform driver
[    0.959959] ohci-platform: OHCI generic platform driver
[    0.961104] uhci_hcd: USB Universal Host Controller Interface driver
[    0.962616] i8042: PNP: PS/2 Controller [PNP0303:PS2K,PNP0f03:PS2M] at 0x60,0x64 irq 1,12
[    0.965013] serio: i8042 KBD port at 0x60,0x64 irq 1
[    0.966411] serio: i8042 AUX port at 0x60,0x64 irq 12
[    0.967888] mousedev: PS/2 mouse device common for all mice
[    0.970143] input: AT Translated Set 2 keyboard as /devices/platform/i8042/serio0/input/input2
[    0.972647] rtc_cmos rtc_cmos: rtc core: registered rtc_cmos as rtc0
[    0.974132] rtc_cmos rtc_cmos: alarms up to one day, 114 bytes nvram
[    0.975503] i2c /dev entries driver
[    0.976372] device-mapper: uevent: version 1.0.3
[    0.977549] device-mapper: ioctl: 4.34.0-ioctl (2015-10-28) initialised: dm-devel@redhat.com
[    0.980034] ledtrig-cpu: registered to indicate activity on CPUs
[    0.981914] NET: Registered protocol family 10
[    0.983494] NET: Registered protocol family 17
[    0.984538] Key type dns_resolver registered
[    0.986030] registered taskstats version 1
[    0.987026] Loading compiled-in X.509 certificates
[    0.988931] Loaded X.509 cert 'Build time autogenerated kernel key: b6ae09eed57f82583ccd3c65c463e852cdd7a0b5'
[    0.991140] zswap: loaded using pool lzo/zbud
[    0.993978] Key type trusted registered
[    0.997974] Key type encrypted registered
[    0.999234] AppArmor: AppArmor sha1 policy hashing enabled
[    1.000381] ima: No TPM chip found, activating TPM-bypass!
[    1.001532] ima: Allocated hash algorithm: sha1
[    1.002563] evm: HMAC attrs: 0x1
[    1.004360]   Magic number: 12:191:451
[    1.005764] rtc_cmos rtc_cmos: setting system clock to 2020-11-06 22:24:50 UTC (1604701490)
[    1.008027] BIOS EDD facility v0.16 2004-Jun-25, 0 devices found
[    1.009342] EDD information not available.
[    1.127325] Freeing unused kernel memory: 1492K
[    1.129245] Write protecting the kernel read-only data: 14336k
[    1.131992] Freeing unused kernel memory: 1596K
[    1.133165] Freeing unused kernel memory: 60K
Loading, please wait...
starting version 229
[    1.147160] random: udevadm: uninitialized urandom read (16 bytes read, 3 bits of entropy available)
[    1.149398] random: udevadm: uninitialized urandom read (16 bytes read, 3 bits of entropy available)
[    1.150752] random: systemd-udevd: uninitialized urandom read (16 bytes read, 3 bits of entropy available)
[    1.150828] random: systemd-udevd: uninitialized urandom read (16 bytes read, 3 bits of entropy available)
[    1.150846] random: systemd-udevd: uninitialized urandom read (16 bytes read, 3 bits of entropy available)
[    1.150865] random: systemd-udevd: uninitialized urandom read (16 bytes read, 3 bits of entropy available)
[    1.166075] random: systemd-udevd: uninitialized urandom read (16 bytes read, 3 bits of entropy available)
[    1.168408] random: systemd-udevd: uninitialized urandom read (16 bytes read, 3 bits of entropy available)
[    1.169414] random: udevadm: uninitialized urandom read (16 bytes read, 3 bits of entropy available)
[    1.169459] random: udevadm: uninitialized urandom read (16 bytes read, 3 bits of entropy available)
[    1.217212] Fusion MPT base driver 3.04.20
[    1.218220] Copyright (c) 1999-2008 LSI Corporation
[    1.236876] e1000: Intel(R) PRO/1000 Network Driver - version 7.3.21-k8-NAPI
[    1.239904] e1000: Copyright (c) 1999-2006 Intel Corporation.
[    1.247469] AVX2 version of gcm_enc/dec engaged.
[    1.249476] AES CTR mode by8 optimization enabled
[    1.264076] Fusion MPT SPI Host driver 3.04.20
[    1.446880] input: ImExPS/2 Generic Explorer Mouse as /devices/platform/i8042/serio1/input/input4
[    1.877337] e1000 0000:00:03.0 eth0: (PCI:33MHz:32-bit) 02:da:92:60:70:7f
[    1.879266] e1000 0000:00:03.0 eth0: Intel(R) PRO/1000 Network Connection
[    1.881983] e1000 0000:00:03.0 enp0s3: renamed from eth0
[    1.884189] mptbase: ioc0: Initiating bringup
[    1.951209] ioc0: LSI53C1030 A0: Capabilities={Initiator}
[    2.113891] scsi host2: ioc0: LSI53C1030 A0, FwRev=00000000h, Ports=1, MaxQ=256, IRQ=20
[    2.230994] scsi 2:0:0:0: Direct-Access     VBOX     HARDDISK         1.0  PQ: 0 ANSI: 5
[    2.233258] scsi target2:0:0: Beginning Domain Validation
[    2.235319] scsi target2:0:0: Domain Validation skipping write tests
[    2.236667] scsi target2:0:0: Ending Domain Validation
[    2.238137] scsi target2:0:0: asynchronous
[    2.240416] scsi 2:0:1:0: Direct-Access     VBOX     HARDDISK         1.0  PQ: 0 ANSI: 5
[    2.242335] scsi target2:0:1: Beginning Domain Validation
[    2.244771] scsi target2:0:1: Domain Validation skipping write tests
[    2.246495] scsi target2:0:1: Ending Domain Validation
[    2.256296] scsi target2:0:1: asynchronous
[    2.264466] sd 2:0:0:0: Attached scsi generic sg0 type 0
[    2.265986] sd 2:0:0:0: [sda] 20971520 512-byte logical blocks: (10.7 GB/10.0 GiB)
[    2.268240] sd 2:0:1:0: Attached scsi generic sg1 type 0
[    2.269927] sd 2:0:1:0: [sdb] 20480 512-byte logical blocks: (10.5 MB/10.0 MiB)
[    2.271879] sd 2:0:0:0: [sda] Write Protect is off
[    2.272029] sd 2:0:1:0: [sdb] Write Protect is off
[    2.272244] sd 2:0:1:0: [sdb] Incomplete mode parameter data
[    2.272245] sd 2:0:1:0: [sdb] Assuming drive cache: write through
[    2.274659] sd 2:0:1:0: [sdb] Attached SCSI disk
[    2.278983] sd 2:0:0:0: [sda] Incomplete mode parameter data
[    2.280795] sd 2:0:0:0: [sda] Assuming drive cache: write through
[    2.283619]  sda: sda1
[    2.284845] sd 2:0:0:0: [sda] Attached SCSI disk
Begin: Loading essential drivers ... [    3.595386] md: linear personality registered for level -1
[    3.599515] md: multipath personality registered for level -4
[    3.603254] md: raid0 personality registered for level 0
[    3.607890] md: raid1 personality registered for level 1
[    3.678362] raid6: sse2x1   gen() 11041 MB/s
[    3.746434] raid6: sse2x1   xor()  8334 MB/s
[    3.830474] raid6: sse2x2   gen() 13248 MB/s
[    3.898476] raid6: sse2x2   xor()  9270 MB/s
[    3.966401] raid6: sse2x4   gen() 14794 MB/s
[    4.034180] raid6: sse2x4   xor() 10687 MB/s
[    4.102362] raid6: avx2x1   gen() 19500 MB/s
[    4.170235] raid6: avx2x2   gen() 23932 MB/s
[    4.238277] raid6: avx2x4   gen() 20835 MB/s
[    4.239474] raid6: using algorithm avx2x2 gen() 23932 MB/s
[    4.240975] raid6: using avx2x2 recovery algorithm
[    4.243425] xor: automatically using best checksumming function:
[    4.282785]    avx       : 36295.000 MB/sec
[    4.286263] async_tx: api initialized (async)
[    4.297053] md: raid6 personality registered for level 6
[    4.298466] md: raid5 personality registered for level 5
[    4.299600] md: raid4 personality registered for level 4
[    4.306344] md: raid10 personality registered for level 10
done.
Begin: Running /scripts/init-premount ... done.
Begin: Mounting root file system ... Begin: Running /scripts/local-top ... done.
Begin: Running /scripts/local-premount ... [    4.338187] Btrfs loaded
Scanning for Btrfs filesystems
done.
Warning: fsck not present, so skipping root file system
[    4.378700] EXT4-fs (sda1): mounted filesystem with ordered data mode. Opts: (null)
done.
Begin: Running /scripts/local-bottom ... done.
Begin: Running /scripts/init-bottom ... done.
[    4.487811] systemd[1]: systemd 229 running in system mode. (+PAM +AUDIT +SELINUX +IMA +APPARMOR +SMACK +SYSVINIT +UTMP +LIBCRYPTSETUP +GCRYPT +GNUTLS +ACL +XZ -LZ4 +SECCOMP +BLKID +ELFUTILS +KMOD -IDN)
[    4.492225] systemd[1]: Detected virtualization oracle.
[    4.493833] systemd[1]: Detected architecture x86-64.

Welcome to [1mUbuntu 16.04.6 LTS[0m!

[    4.499049] systemd[1]: Set hostname to <ubuntu-xenial>.
[    4.662063] systemd[1]: Listening on LVM2 metadata daemon socket.
[[0;32m  OK  [0m] Listening on LVM2 metadata daemon socket.
[    4.665032] systemd[1]: Listening on LVM2 poll daemon socket.
[[0;32m  OK  [0m] Listening on LVM2 poll daemon socket.
[    4.667680] systemd[1]: Listening on Journal Socket.
[[0;32m  OK  [0m] Listening on Journal Socket.
[    4.669908] systemd[1]: Listening on Journal Socket (/dev/log).
[[0;32m  OK  [0m] Listening on Journal Socket (/dev/log).
[    4.679014] systemd[1]: Created slice User and Session Slice.
[[0;32m  OK  [0m] Created slice User and Session Slice.
[    4.682040] systemd[1]: Listening on udev Control Socket.
[[0;32m  OK  [0m] Listening on udev Control Socket.
[    4.684538] systemd[1]: Set up automount Arbitrary Executable File Formats File System Automount Point.
[[0;32m  OK  [0m] Set up automount Arbitrary Executab...ats File System Automount Point.
[    4.688200] systemd[1]: Reached target User and Group Name Lookups.
[[0;32m  OK  [0m] Reached target User and Group Name Lookups.
[    4.690754] systemd[1]: Listening on Device-mapper event daemon FIFOs.
[[0;32m  OK  [0m] Listening on Device-mapper event daemon FIFOs.
[    4.693707] systemd[1]: Reached target System Time Synchronized.
[[0;32m  OK  [0m] Reached target System Time Synchronized.
[    4.696294] systemd[1]: Listening on Syslog Socket.
[[0;32m  OK  [0m] Listening on Syslog Socket.
[    4.699426] systemd[1]: Reached target Encrypted Volumes.
[[0;32m  OK  [0m] Reached target Encrypted Volumes.
[    4.701847] systemd[1]: Listening on udev Kernel Socket.
[[0;32m  OK  [0m] Listening on udev Kernel Socket.
[    4.704557] systemd[1]: Listening on /dev/initctl Compatibility Named Pipe.
[[0;32m  OK  [0m] Listening on /dev/initctl Compatibility Named Pipe.
[    4.707355] systemd[1]: Started Forward Password Requests to Wall Directory Watch.
[[0;32m  OK  [0m] Started Forward Password Requests to Wall Directory Watch.
[    4.719190] systemd[1]: Created slice System Slice.
[[0;32m  OK  [0m] Created slice System Slice.
[    4.723045] systemd[1]: Reached target Slices.
[[0;32m  OK  [0m] Reached target Slices.
[    4.738935] systemd[1]: Mounting Debug File System...
         Mounting Debug File System...
[    4.747296] systemd[1]: Starting Create list of required static device nodes for the current kernel...
         Starting Create list of required st... nodes for the current kernel...
[    4.751265] systemd[1]: Created slice system-serial\x2dgetty.slice.
[[0;32m  OK  [0m] Created slice system-serial\x2dgetty.slice.
[    4.759674] systemd[1]: Starting Monitoring of LVM2 mirrors, snapshots etc. using dmeventd or progress polling...
         Starting Monitoring of LVM2 mirrors... dmeventd or progress polling...
[    4.765514] systemd[1]: Starting Remount Root and Kernel File Systems...
         Starting Remount Root and Kernel File Systems...
[    4.770653] EXT4-fs (sda1): re-mounted. Opts: (null)
[    4.776497] systemd[1]: Starting Uncomplicated firewall...
         Starting Uncomplicated firewall...
[    4.779817] systemd[1]: Starting Nameserver information manager...
         Starting Nameserver information manager...
[    4.783385] systemd[1]: Starting Set console keymap...
         Starting Set console keymap...
[    4.791392] systemd[1]: Mounting POSIX Message Queue File System...
         Mounting POSIX Message Queue File System...
[    4.796095] systemd[1]: Mounting Huge Pages File System...
         Mounting Huge Pages File System...
[    4.802953] systemd[1]: Starting Load Kernel Modules...
         Starting Load Kernel Modules...
[    4.805613] systemd[1]: Reached target Swap.
[[0;32m  OK  [0m] Reached target Swap.
[    4.810860] Loading iSCSI transport class v2.0-870.
[    4.814455] systemd[1]: Started Trigger resolvconf update for networkd DNS.
[[0;32m  OK  [0m] Started Trigger resolvconf update for networkd DNS.
[    4.819350] iscsi: registered transport (tcp)
[    4.822439] systemd[1]: Listening on Journal Audit Socket.
[[0;32m  OK  [0m] Listening on Journal Audit Socket.
[    4.838859] systemd[1]: Starting Journal Service...
         Starting Journal Service...
[    4.844330] systemd[1]: Mounted Debug File System.
[[0;32m  OK  [0m] Mounted Debug File System.
[    4.847006] systemd[1]: Mounted POSIX Message Queue File System.
[[0;32m  OK  [0m] Mounted POSIX Me[    4.849763] iscsi: registered transport (iser)
ssage Queue File System.
[    4.852001] systemd[1]: Mounted Huge Pages File System.
[[0;32m  OK  [0m] Mounted Huge Pages File System.
[    4.854923] systemd[1]: Started Create list of required static device nodes for the current kernel.
[[0;32m  OK  [0m] Started Create list of required sta...ce nodes for the current kernel.
[    4.866964] systemd[1]: Started Remount Root and Kernel File Systems.
[[0;32m  OK  [0m] Started Remount Root and Kernel File Systems.
[    4.870810] systemd[1]: Started Uncomplicated firewall.
[[0;32m  OK  [0m] Started Uncomplicated firewall.
[    4.883484] systemd[1]: Started Set console keymap.
[[0;32m  OK  [0m] Started Set console keymap.
[    4.887549] systemd[1]: Started Load Kernel Modules.
[[0;32m  OK  [0m] Started Load Kernel Modules.
[    4.890383] systemd[1]: Started Nameserver information manager.
[[0;32m  OK  [0m] Started Nameserver information manager.
[    4.895044] systemd[1]: Started Journal Service.
[[0;32m  OK  [0m] Started Journal Service.
[[0;32m  OK  [0m] Started LVM2 metadata daemon.
         Starting Apply Kernel Variables...
         Mounting FUSE Control File System...
         Starting udev Coldplug all Devices...
         Starting Load/Save Random Seed...
         Starting Flush Journal to Persistent Storage...
         Starting Create Static Device Nodes in /dev...
[[0;32m  OK  [0m] Mounted FUSE Control File System.
[[0;32m  OK  [0m] Started Apply Kernel Variables.
[[0;32m  OK  [0m] Started Load/Save Random Seed.
[[0;32m  OK  [0m] Started Create Static Device Nodes in /dev.
         Starting udev Kernel Device Manager...
[[0;32m  OK  [0m] Started Flush Journal to Persistent Storage.
[[0;32m  OK  [0m] Started udev Coldplug all Devices.
[[0;32m  OK  [0m] Started udev Kernel Device Manager.
[[0;32m  OK  [0m] Started Dispatch Password Requests to Console Directory Watch.
[[0;32m  OK  [0m] Started Monitoring of LVM2 mirrors,...ng dmeventd or progress polling.
[[0;32m  OK  [0m] Reached target Local File Systems (Pre).
[[0;32m  OK  [0m] Reached target Local File Systems.
         Starting Create Volatile Files and Directories...
         Starting Initial cloud-init job (pre-networking)...
         Starting LSB: AppArmor initialization...
         Starting Tell Plymouth To Write Out Runtime Data...
         Starting Set console font and keymap...
[[0;32m  OK  [0m] Started Create Volatile Files and Directories.
         Starting Update UTMP about System Boot/Shutdown...
[[0;32m  OK  [0m] Started Update UTMP about System Boot/Shutdown.
[[0;32m  OK  [0m] Started Tell Plymouth To Write Out Runtime Data.
[[0;32m  OK  [0m] Found device /dev/ttyS0.
[[0;32m  OK  [0m] Started LSB: AppArmor initialization.
[[0;32m  OK  [0m] Listening on Load/Save RF Kill Switch Status /dev/rfkill Watch.
[[0;32m  OK  [0m] Found device 82540EM Gigabit Ethern...r (PRO/1000 MT Desktop Adapter).
[    5.460684] cloud-init[[0;1;31mFAILED[0m] Failed to start Initial cloud-init job (pre-networking).
See 'systemctl status cloud-init-local.service' for details.
[[0;32m  OK  [0m] Reached target Network (Pre).
[480]: Traceback (most recent call last):
[    5.522908] cloud-init[480]:   File "/usr/bin/cloud-init", line 9, in <module>
[    5.561125] cloud-init[480]:     load_entry_point('cloud-init==19.4', 'console_scripts', 'cloud-init')()
[    5.637798]          Starting Raise network interfaces...
cloud-init[480]:   File "/usr/lib/python3/dist-packages/pkg_resources/__init__.py", line 542, in load_entry_point
[    5.640439] cloud-init[480]:     return get_distribution(dist).load_entry_point(group, name)
[    5.675427] cloud-init[480]:   File "/usr/lib/python3/dist-packages/pkg_resources/__init__.py", line 2569, in load_entry_point
[    5.800111] [cloud-init[0;32m  OK  [0m[480]: ]     return ep.load()Started ifup for enp0s3.

[    5.800422] cloud-init[480]:   File "/usr/lib/python3/dist-packages/pkg_resources/__init__.py", line 2229, in load
[    5.808596] [[0;32m  OK  [0m] Started Set console font and keymap.
[[0;32m  OK  [0m] Created slice system-getty.slice.
cloud-init[480]:     return self.resolve()
[    5.852579] cloud-init[480]:   File "/usr/lib/python3/dist-packages/pkg_resources/__init__.py", line 2235, in resolve
[    5.892739] cloud-init[480]:     module = __import__(self.module_name, fromlist=['__name__'], level=0)
[    5.894142] cloud-init[480]:   File "/usr/lib/python3/dist-packages/cloudinit/cmd/main.py", line 29, in <module>
[    5.896265] cloud-init[480]:     from cloudinit import stages
[    5.904383] cloud-init[480]:   File "/usr/lib/python3/dist-packages/cloudinit/stages.py", line 21, in <module>
[    5.905557] cloud-init[480]:     from cloudinit.handlers.cloud_config import CloudConfigPartHandler
[    5.907064] cloud-init[480]:   File "/usr/lib/python3/dist-packages/cloudinit/handlers/cloud_config.py", line 11, in <module>
[    5.908995] cloud-init[480]:     import jsonpatch
[    5.910180] cloud-init[480]:   File "/usr/lib/python3/dist-packages/jsonpatch.py", line 114, in <module>
[    5.911091] cloud-init[480]:     json.load = get_loadjson()
[    5.916371] cloud-init[480]:   File "/usr/lib/python3/dist-packages/jsonpatch.py", line 108, in get_loadjson
[    5.924497] cloud-init[480]:     argspec = inspect.getargspec(json.load)
[    5.932255] cloud-init[480]:   File "/usr/lib/python3.7/inspect.py", line 1082, in getargspec
[    5.940426] cloud-init[480]:     raise ValueError("Function has keyword-only parameters or annotations"
[    5.948373] cloud-init[480]: ValueError: Function has keyword-only parameters or annotations, use getfullargspec() API which can support them
[[0;32m  OK  [0m] Started Raise network interfaces.
[[0;32m  OK  [0m] Reached target Network.
         Starting Initial cloud-init job (metadata service crawler)...
[    6.179685] cloud-init[945]: Traceback (most recent call last):
[    6.181686] cloud-init[945]:   File "/usr/bin/cloud-init", line 9, in <module>
[    6.183379] cloud-init[945]:     load_entry_point('cloud-init==19.4', 'console_scripts', 'cloud-init')()
[    6.185495] cloud-init[945]:   File "/usr/lib/python3/dist-packages/pkg_resources/__init__.py", line 542, in load_entry_point
[    6.187733] cloud-init[945]:     return get_distribution(dist).load_entry_point(group, name)
[    6.189593] cloud-init[945]:   File "/usr/lib/python3/dist-packages/pkg_resources/__init__.py", line 2569, in load_entry_point
[    6.191789] cloud-init[945]:     return ep.load()
[    6.193150] cloud-init[945]:   File "/usr/lib/python3/dist-packages/pkg_resources/__init__.py", line 2229, in load
[    6.195927] cloud-init[945]:     return self.resolve()
[    6.197337] cloud-init[945]:   File "/usr/lib/python3/dist-packages/pkg_resources/__init__.py", line 2235, in resolve
[    6.199885] cloud-init[945]:     module = __import__(self.module_name, fromlist=['__name__'], level=0)
[    6.202777] cloud-init[945]:   File "/usr/lib/python3/dist-packages/cloudinit/cmd/main.py", line 29, in <module>
[    6.205981] cloud-init[945]:     from cloudinit import stages
[[0;1;31mFAILED[0m] Failed to start Initial cloud-init job (metadata service crawler).
See 'systemctl status cloud-init.service' for details.
[    6.207898] [[0;32m  OK  [0m] Reached target Cloud-config availability.
[[0;32m  OK  [0m] Reached target System Initialization.
cloud-init[945]:   File "/usr/lib/python3/dist-packages/cloudinit/stages.py", line 21, in <module>[
[0;32m  OK  [0m] Started ACPI Events Check.
[[0;32m  OK  [0m] Reached target Paths.
[    6.216143] [[0;32m  OK  [0m] Listening on ACPID Listen Socket.
cloud-init[945]:     from cloudinit.handlers.cloud_config import CloudConfigPartHandler[
[0;32m  OK  [0m] Started Daily apt download activities.
[[0;32m  OK  [0m] Started Daily apt upgrade and clean activities.
[[0;32m  OK  [0m] Listening on D-Bus System Message Bus Socket.
         Starting Socket activation for snappy daemon.
[[0;32m  OK  [0m] Started Daily Cleanup of Temporary Directories.
[    6.222540] cloud-init[945]:   File "/usr/lib/python3/dist-packages/cloudinit/handlers/cloud_config.py", line 11, in <module>
[    6.229684] [[0;32m  OK  [0m] Listening on UUID daemon activation socket.
cloud-init[945]:     import jsonpatch         Starting LXD - unix socket.
[[0;32m  OK  [0m] Started Message of the Day.
[[0;32m  OK  [0m] Reached target Timers.
[[0;32m  OK  [0m] Reached target Network is Online.

[    6.235820] cloud-init[945]:   File "/usr/lib/python3/dist-packages/jsonpatch.py", line 114, in <module>
[    6.238719] cloud-init[945]:     json.load = get_loadjson()
[    6.241293] cloud-init[945]:   File "/usr/lib/python3/dist-packages/jsonpatch.py", line 108, in get_loadjson
[    6.243762] cloud-init         Starting iSCSI initiator daemon (iscsid)...
[[0;32m  OK  [0m] Listening on Socket activation for snappy daemon.
[[0;32m  OK  [0m] Listening on LXD - unix socket.
[[0;32m  OK  [0m] Reached target Sockets.[945]: 
    argspec = inspect.getargspec(json.load)
[[0;32m  OK  [0m] Reached target Basic System.
[    6.250953] cloud-init         Starting Login Service...
         Starting LSB: Record successful boot for GRUB...
         Starting LSB: MD monitoring daemon...
         Starting LXD - container startup/shutdown...
[[0;32m  OK  [0m] Started Deferred execution scheduler.
         Starting A high performance web server and a reverse proxy server...
         Starting MySQL Community Server...
         Starting Snappy daemon...
         Starting Accounts Service...
[[0;32m  OK  [0m] Started D-Bus System Message Bus.
[945]:   File "/usr/lib/python3.7/inspect.py", line 1082, in getargspec
[    6.285996] cloud-init[945]:     raise ValueError("Function has keyword-only parameters or annotations"
[    6.286990] cloud-init[945]: ValueError: Function has keyword-only parameters or annotations, use getfullargspec() API which can support them
         Starting OpenBSD Secure Shell server...
[[0;32m  OK  [0m] Started ACPI event daemon.
         Starting Virtualbox guest utils...
         Starting System Logging Service...
[[0;32m  OK  [0m] Started Regular background program processing daemon.
         Starting /etc/rc.local Compatibility...
[[0;32m  OK  [0m] Started FUSE filesystem for LXC.
[[0;32m  OK  [0m] Started /etc/rc.local Compatibility.
[[0;32m  OK  [0m] Started iSCSI initiator daemon (iscsid).
         Starting Authenticate and Authorize Users to Run Privileged Tasks...
         Starting Login to default iSCSI targets...
[[0;32m  OK  [0m] Started Login Service.
[[0;32m  OK  [0m] Started LSB: Record successful boot for GRUB.
[[0;32m  OK  [0m] Started LSB: MD monitoring daemon.
[[0;32m  OK  [0m] Started Unattended Upgrades Shutdown.
[[0;32m  OK  [0m] Started System Logging Service.
[[0;32m  OK  [0m] Started Login to default iSCSI targets.
[[0;32m  OK  [0m] Reached target Remote File Systems (Pre).
[[0;32m  OK  [0m] Reached target Remote File Systems.
         Starting Permit User Sessions...
         Starting LSB: Set the CPU Frequency Scaling governor to "ondemand"...
         Starting LSB: daemon to balance interrupts for SMP systems...
         Starting LSB: automatic crash report generation...
[[0;32m  OK  [0m] Started A high performance web server and a reverse proxy server.
[[0;32m  OK  [0m] Started Permit User Sessions.
         Starting Terminate Plymouth Boot Screen...
         Starting Hold until boot process finishes up...
[[0;32m  OK  [0m] Started Hold until boot process finishes up.
[[0;32m  OK  [0m] Started Getty on tty1.
[[0;32m  OK  [0m] Started Serial Getty on ttyS0.
[[0;32m  OK  [0m] Reached target Login Prompts.
         Starting Set console scheme...
[[0;32m  OK  [0m] Started Terminate Plymouth Boot Screen.
[[0;32m  OK  [0m] Started Set console scheme.
[[0;32m  OK  [0m] Started Authenticate and Authorize Users to Run Privileged Tasks.
[[0;32m  OK  [0m] Started Accounts Service.
[[0;32m  OK  [0m] Started LSB: Set the CPU Frequency Scaling governor to "ondemand".
[[0;32m  OK  [0m] Started OpenBSD Secure Shell server.
[[0;32m  OK  [0m] Started LXD - container startup/shutdown.
[[0;32m  OK  [0m] Started LSB: daemon to balance interrupts for SMP systems.
[[0;32m  OK  [0m] Started LSB: automatic crash report generation.
[[0;32m  OK  [0m] Started Virtualbox guest utils.
[[0;32m  OK  [0m] Started Snappy daemon.
         Starting Wait until snapd is fully seeded...
[[0;32m  OK  [0m] Started Wait until snapd is fully seeded.
         Starting Apply the settings specified in cloud-config...
[    6.963820] cloud-init[1202]: Traceback (most recent call last):
[    6.964951] cloud-init[1202]:   File "/usr/bin/cloud-init", line 9, in <module>
[    6.972478] cloud-init[1202]:     load_entry_point('cloud-init==19.4', 'console_scripts', 'cloud-init')()
[    6.988783] cloud-init[1202]:   File "/usr/lib/python3/dist-packages/pkg_resources/__init__.py", line 542, in load_entry_point
[[0;1;31mFAILED[0m] Failed to start Apply the settings specified in cloud-config.
See 'systemctl status cloud-config.service' for details.[    6.988911] 
cloud-init[1202]:     return get_distribution(dist).load_entry_point(group, name)
[    6.998625] cloud-init[1202]:   File "/usr/lib/python3/dist-packages/pkg_resources/__init__.py", line 2569, in load_entry_point
[    7.000696] cloud-init[1202]:     return ep.load()
[    7.001738] cloud-init[1202]:   File "/usr/lib/python3/dist-packages/pkg_resources/__init__.py", line 2229, in load
[    7.003493] cloud-init[1202]:     return self.resolve()
[    7.004756] cloud-init[1202]:   File "/usr/lib/python3/dist-packages/pkg_resources/__init__.py", line 2235, in resolve
[    7.006706] cloud-init[1202]:     module = __import__(self.module_name, fromlist=['__name__'], level=0)
[    7.008369] cloud-init[1202]:   File "/usr/lib/python3/dist-packages/cloudinit/cmd/main.py", line 29, in <module>
[    7.009754] cloud-init[1202]:     from cloudinit import stages
[    7.010924] cloud-init[1202]:   File "/usr/lib/python3/dist-packages/cloudinit/stages.py", line 21, in <module>
[    7.012697] cloud-init[1202]:     from cloudinit.handlers.cloud_config import CloudConfigPartHandler
[    7.014083] cloud-init[1202]:   File "/usr/lib/python3/dist-packages/cloudinit/handlers/cloud_config.py", line 11, in <module>
[    7.015507] cloud-init[1202]:     import jsonpatch
[    7.016623] cloud-init[1202]:   File "/usr/lib/python3/dist-packages/jsonpatch.py", line 114, in <module>
[    7.017844] cloud-init[1202]:     json.load = get_loadjson()
[    7.018846] cloud-init[1202]:   File "/usr/lib/python3/dist-packages/jsonpatch.py", line 108, in get_loadjson
[    7.020468] cloud-init[1202]:     argspec = inspect.getargspec(json.load)
[    7.021389] cloud-init[1202]:   File "/usr/lib/python3.7/inspect.py", line 1082, in getargspec
[    7.022964] cloud-init[1202]:     raise ValueError("Function has keyword-only parameters or annotations"
[    7.024735] cloud-init[1202]: ValueError: Function has keyword-only parameters or annotations, use getfullargspec() API which can support them
[[0;32m  OK  [0m] Started MySQL Community Server.
[[0;32m  OK  [0m] Reached target Multi-User System.
[[0;32m  OK  [0m] Reached target Graphical Interface.
         Starting Execute cloud user/final scripts...
         Starting Update UTMP about System Runlevel Changes...
[[0;32m  OK  [0m] Started Update UTMP about System Runlevel Changes.
[    7.719771] cloud-init[1235]: Traceback (most recent call last):
[    7.721016] cloud-init[1235]:   File "/usr/bin/cloud-init", line 9, in <module>
[    7.722562] cloud-init[1235]:     load_entry_point('cloud-init==19.4', 'console_scripts', 'cloud-init')()
[    7.724686] cloud-init[1235]:   File "/usr/lib/python3/dist-packages/pkg_resources/__init__.py", line 542, in load_entry_point
[    7.726736] cloud-init[1235]:     return get_distribution(dist).load_entry_point(group, name)
[    7.728602] cloud-init[1235]:   File "/usr/lib/python3/dist-packages/pkg_resources/__init__.py", line 2569, in load_entry_point
[    7.730889] cloud-init[1235]:     return ep.load()
[    7.732232] cloud-init[1235]:   File "/usr/lib/python3/dist-packages/pkg_resources/__init__.py", line 2229, in load
[    7.734325] cloud-init[1235]:     return self.resolve()
[    7.735724] cloud-init[1235]:   File "/usr/lib/python3/dist-packages/pkg_resources/__init__.py", line 2235, in resolve
[    7.737807] cloud-init[1235]:     module = __import__(self.module_name, fromlist=['__name__'], level=0)
[    7.739767] cloud-init[1235]:   File "/usr/lib/python3/dist-packages/cloudinit/cmd/main.py", line 29, in <module>[[0;1;31mFAILED[0m] Failed to start Execute cloud user/final scripts.
See 'systemctl status cloud-final.service' for details.
[[0;32m  OK  [0m] Reached target Cloud-init target.

[    7.748007] cloud-init[1235]:     from cloudinit import stages
[    7.759374] cloud-init[1235]:   File "/usr/lib/python3/dist-packages/cloudinit/stages.py", line 21, in <module>
[    7.760811] cloud-init[1235]:     from cloudinit.handlers.cloud_config import CloudConfigPartHandler
[    7.762032] cloud-init[1235]:   File "/usr/lib/python3/dist-packages/cloudinit/handlers/cloud_config.py", line 11, in <module>
[    7.772246] cloud-init[1235]:     import jsonpatch
[    7.773915] cloud-init[1235]:   File "/usr/lib/python3/dist-packages/jsonpatch.py", line 114, in <module>
[    7.774188] cloud-init[1235]:     json.load = get_loadjson()
[    7.774291] cloud-init[1235]:   File "/usr/lib/python3/dist-packages/jsonpatch.py", line 108, in get_loadjson
[    7.776647] cloud-init[1235]:     argspec = inspect.getargspec(json.load)
[    7.778375] cloud-init[1235]:   File "/usr/lib/python3.7/inspect.py", line 1082, in getargspec
[    7.778520] cloud-init[1235]:     raise ValueError("Function has keyword-only parameters or annotations"
[    7.780670] cloud-init[1235]: ValueError: Function has keyword-only parameters or annotations, use getfullargspec() API which can support them

Ubuntu 16.04.6 LTS ubuntu-xenial ttyS0

ubuntu-xenial login: 